<?xml version="1.0" encoding="UTF-8"?>
<testsuite xmlns:xsi="http://www.w3.org/2001/XMLSchema-instance" xsi:noNamespaceSchemaLocation="https://maven.apache.org/surefire/maven-surefire-plugin/xsd/surefire-test-report.xsd" version="3.0.2" name="com.shiva.keycloakspi.customclaimmapper.AppTest" time="0.043" tests="1" errors="0" skipped="0" failures="0">
  <properties>
    <property name="java.specification.version" value="22"/>
    <property name="sun.cpu.isalist" value="amd64"/>
    <property name="sun.jnu.encoding" value="Cp1252"/>
    <property name="java.class.path" value="C:\Users\DELL\Downloads\keycloak projects\header-claim-mapper\target\test-classes;C:\Users\DELL\Downloads\keycloak projects\header-claim-mapper\target\classes;C:\Users\DELL\.m2\repository\org\keycloak\keycloak-quarkus-server-app\25.0.1\keycloak-quarkus-server-app-25.0.1.jar;C:\Users\DELL\.m2\repository\org\keycloak\keycloak-quarkus-server\25.0.1\keycloak-quarkus-server-25.0.1.jar;C:\Users\DELL\.m2\repository\io\quarkus\quarkus-vertx-http\3.8.5\quarkus-vertx-http-3.8.5.jar;C:\Users\DELL\.m2\repository\io\quarkus\quarkus-security-runtime-spi\3.8.5\quarkus-security-runtime-spi-3.8.5.jar;C:\Users\DELL\.m2\repository\io\quarkus\quarkus-credentials\3.8.5\quarkus-credentials-3.8.5.jar;C:\Users\DELL\.m2\repository\io\quarkus\arc\arc\3.8.5\arc-3.8.5.jar;C:\Users\DELL\.m2\repository\io\quarkus\quarkus-mutiny\3.8.5\quarkus-mutiny-3.8.5.jar;C:\Users\DELL\.m2\repository\io\smallrye\reactive\mutiny\2.5.8\mutiny-2.5.8.jar;C:\Users\DELL\.m2\repository\io\quarkus\quarkus-smallrye-context-propagation\3.8.5\quarkus-smallrye-context-propagation-3.8.5.jar;C:\Users\DELL\.m2\repository\io\smallrye\smallrye-context-propagation\2.1.0\smallrye-context-propagation-2.1.0.jar;C:\Users\DELL\.m2\repository\io\smallrye\smallrye-context-propagation-api\2.1.0\smallrye-context-propagation-api-2.1.0.jar;C:\Users\DELL\.m2\repository\io\smallrye\smallrye-context-propagation-storage\2.1.0\smallrye-context-propagation-storage-2.1.0.jar;C:\Users\DELL\.m2\repository\io\smallrye\reactive\mutiny-smallrye-context-propagation\2.5.8\mutiny-smallrye-context-propagation-2.5.8.jar;C:\Users\DELL\.m2\repository\io\smallrye\common\smallrye-common-vertx-context\2.2.0\smallrye-common-vertx-context-2.2.0.jar;C:\Users\DELL\.m2\repository\io\vertx\vertx-core\4.4.5\vertx-core-4.4.5.jar;C:\Users\DELL\.m2\repository\io\netty\netty-common\4.1.97.Final\netty-common-4.1.97.Final.jar;C:\Users\DELL\.m2\repository\io\netty\netty-handler-proxy\4.1.97.Final\netty-handler-proxy-4.1.97.Final.jar;C:\Users\DELL\.m2\repository\io\netty\netty-codec-socks\4.1.97.Final\netty-codec-socks-4.1.97.Final.jar;C:\Users\DELL\.m2\repository\io\netty\netty-resolver\4.1.97.Final\netty-resolver-4.1.97.Final.jar;C:\Users\DELL\.m2\repository\io\smallrye\common\smallrye-common-constraint\2.2.0\smallrye-common-constraint-2.2.0.jar;C:\Users\DELL\.m2\repository\io\quarkus\security\quarkus-security\2.0.3.Final\quarkus-security-2.0.3.Final.jar;C:\Users\DELL\.m2\repository\io\smallrye\reactive\smallrye-mutiny-vertx-web\3.11.0\smallrye-mutiny-vertx-web-3.11.0.jar;C:\Users\DELL\.m2\repository\io\smallrye\reactive\smallrye-mutiny-vertx-web-common\3.11.0\smallrye-mutiny-vertx-web-common-3.11.0.jar;C:\Users\DELL\.m2\repository\io\smallrye\reactive\smallrye-mutiny-vertx-auth-common\3.11.0\smallrye-mutiny-vertx-auth-common-3.11.0.jar;C:\Users\DELL\.m2\repository\io\smallrye\reactive\smallrye-mutiny-vertx-bridge-common\3.11.0\smallrye-mutiny-vertx-bridge-common-3.11.0.jar;C:\Users\DELL\.m2\repository\io\smallrye\reactive\smallrye-mutiny-vertx-uri-template\3.11.0\smallrye-mutiny-vertx-uri-template-3.11.0.jar;C:\Users\DELL\.m2\repository\io\vertx\vertx-web\4.5.7\vertx-web-4.5.7.jar;C:\Users\DELL\.m2\repository\io\vertx\vertx-web-common\4.5.7\vertx-web-common-4.5.7.jar;C:\Users\DELL\.m2\repository\io\vertx\vertx-auth-common\4.5.7\vertx-auth-common-4.5.7.jar;C:\Users\DELL\.m2\repository\io\vertx\vertx-bridge-common\4.5.7\vertx-bridge-common-4.5.7.jar;C:\Users\DELL\.m2\repository\io\github\crac\org-crac\0.1.3\org-crac-0.1.3.jar;C:\Users\DELL\.m2\repository\io\quarkus\quarkus-vertx\3.8.5\quarkus-vertx-3.8.5.jar;C:\Users\DELL\.m2\repository\io\quarkus\quarkus-arc\3.8.5\quarkus-arc-3.8.5.jar;C:\Users\DELL\.m2\repository\org\eclipse\microprofile\context-propagation\microprofile-context-propagation-api\1.3\microprofile-context-propagation-api-1.3.jar;C:\Users\DELL\.m2\repository\io\quarkus\quarkus-netty\3.8.5\quarkus-netty-3.8.5.jar;C:\Users\DELL\.m2\repository\io\netty\netty-codec\4.1.108.Final\netty-codec-4.1.108.Final.jar;C:\Users\DELL\.m2\repository\io\netty\netty-codec-http\4.1.108.Final\netty-codec-http-4.1.108.Final.jar;C:\Users\DELL\.m2\repository\io\netty\netty-codec-http2\4.1.108.Final\netty-codec-http2-4.1.108.Final.jar;C:\Users\DELL\.m2\repository\io\netty\netty-handler\4.1.108.Final\netty-handler-4.1.108.Final.jar;C:\Users\DELL\.m2\repository\io\netty\netty-transport-native-unix-common\4.1.108.Final\netty-transport-native-unix-common-4.1.108.Final.jar;C:\Users\DELL\.m2\repository\io\netty\netty-codec-haproxy\4.1.108.Final\netty-codec-haproxy-4.1.108.Final.jar;C:\Users\DELL\.m2\repository\io\netty\netty-buffer\4.1.108.Final\netty-buffer-4.1.108.Final.jar;C:\Users\DELL\.m2\repository\io\netty\netty-transport\4.1.108.Final\netty-transport-4.1.108.Final.jar;C:\Users\DELL\.m2\repository\io\smallrye\common\smallrye-common-annotation\2.2.0\smallrye-common-annotation-2.2.0.jar;C:\Users\DELL\.m2\repository\io\quarkus\quarkus-virtual-threads\3.8.5\quarkus-virtual-threads-3.8.5.jar;C:\Users\DELL\.m2\repository\io\quarkus\quarkus-vertx-latebound-mdc-provider\3.8.5\quarkus-vertx-latebound-mdc-provider-3.8.5.jar;C:\Users\DELL\.m2\repository\io\smallrye\reactive\smallrye-mutiny-vertx-core\3.11.0\smallrye-mutiny-vertx-core-3.11.0.jar;C:\Users\DELL\.m2\repository\io\smallrye\reactive\smallrye-mutiny-vertx-runtime\3.11.0\smallrye-mutiny-vertx-runtime-3.11.0.jar;C:\Users\DELL\.m2\repository\io\smallrye\reactive\vertx-mutiny-generator\3.11.0\vertx-mutiny-generator-3.11.0.jar;C:\Users\DELL\.m2\repository\io\vertx\vertx-codegen\4.5.5\vertx-codegen-4.5.5.jar;C:\Users\DELL\.m2\repository\io\smallrye\smallrye-fault-tolerance-vertx\6.2.6\smallrye-fault-tolerance-vertx-6.2.6.jar;C:\Users\DELL\.m2\repository\io\quarkus\quarkus-reactive-routes\3.8.5\quarkus-reactive-routes-3.8.5.jar;C:\Users\DELL\.m2\repository\io\quarkus\quarkus-jackson\3.8.5\quarkus-jackson-3.8.5.jar;C:\Users\DELL\.m2\repository\com\fasterxml\jackson\datatype\jackson-datatype-jsr310\2.17.0\jackson-datatype-jsr310-2.17.0.jar;C:\Users\DELL\.m2\repository\com\fasterxml\jackson\datatype\jackson-datatype-jdk8\2.17.0\jackson-datatype-jdk8-2.17.0.jar;C:\Users\DELL\.m2\repository\com\fasterxml\jackson\module\jackson-module-parameter-names\2.17.0\jackson-module-parameter-names-2.17.0.jar;C:\Users\DELL\.m2\repository\jakarta\enterprise\jakarta.enterprise.cdi-api\4.0.1\jakarta.enterprise.cdi-api-4.0.1.jar;C:\Users\DELL\.m2\repository\jakarta\enterprise\jakarta.enterprise.lang-model\4.0.1\jakarta.enterprise.lang-model-4.0.1.jar;C:\Users\DELL\.m2\repository\jakarta\el\jakarta.el-api\5.0.0\jakarta.el-api-5.0.0.jar;C:\Users\DELL\.m2\repository\jakarta\interceptor\jakarta.interceptor-api\2.1.0\jakarta.interceptor-api-2.1.0.jar;C:\Users\DELL\.m2\repository\io\quarkus\quarkus-resteasy-reactive\3.8.5\quarkus-resteasy-reactive-3.8.5.jar;C:\Users\DELL\.m2\repository\io\quarkus\quarkus-resteasy-reactive-common\3.8.5\quarkus-resteasy-reactive-common-3.8.5.jar;C:\Users\DELL\.m2\repository\io\quarkus\resteasy\reactive\resteasy-reactive-common\3.8.5\resteasy-reactive-common-3.8.5.jar;C:\Users\DELL\.m2\repository\io\quarkus\resteasy\reactive\resteasy-reactive-common-types\3.8.5\resteasy-reactive-common-types-3.8.5.jar;C:\Users\DELL\.m2\repository\io\quarkus\resteasy\reactive\resteasy-reactive-vertx\3.8.5\resteasy-reactive-vertx-3.8.5.jar;C:\Users\DELL\.m2\repository\io\quarkus\resteasy\reactive\resteasy-reactive\3.8.5\resteasy-reactive-3.8.5.jar;C:\Users\DELL\.m2\repository\jakarta\ws\rs\jakarta.ws.rs-api\3.1.0\jakarta.ws.rs-api-3.1.0.jar;C:\Users\DELL\.m2\repository\io\quarkus\quarkus-jsonp\3.8.5\quarkus-jsonp-3.8.5.jar;C:\Users\DELL\.m2\repository\org\eclipse\parsson\parsson\1.1.5\parsson-1.1.5.jar;C:\Users\DELL\.m2\repository\io\quarkus\quarkus-resteasy-reactive-jackson\3.8.5\quarkus-resteasy-reactive-jackson-3.8.5.jar;C:\Users\DELL\.m2\repository\io\quarkus\quarkus-resteasy-reactive-jackson-common\3.8.5\quarkus-resteasy-reactive-jackson-common-3.8.5.jar;C:\Users\DELL\.m2\repository\io\quarkus\resteasy\reactive\resteasy-reactive-jackson\3.8.5\resteasy-reactive-jackson-3.8.5.jar;C:\Users\DELL\.m2\repository\io\quarkus\quarkus-hibernate-orm\3.8.5\quarkus-hibernate-orm-3.8.5.jar;C:\Users\DELL\.m2\repository\io\quarkus\quarkus-narayana-jta\3.8.5\quarkus-narayana-jta-3.8.5.jar;C:\Users\DELL\.m2\repository\io\quarkus\quarkus-transaction-annotations\3.8.5\quarkus-transaction-annotations-3.8.5.jar;C:\Users\DELL\.m2\repository\io\quarkus\quarkus-datasource-common\3.8.5\quarkus-datasource-common-3.8.5.jar;C:\Users\DELL\.m2\repository\io\smallrye\smallrye-context-propagation-jta\2.1.0\smallrye-context-propagation-jta-2.1.0.jar;C:\Users\DELL\.m2\repository\io\smallrye\reactive\smallrye-reactive-converter-api\3.0.1\smallrye-reactive-converter-api-3.0.1.jar;C:\Users\DELL\.m2\repository\io\smallrye\reactive\smallrye-reactive-converter-mutiny\3.0.1\smallrye-reactive-converter-mutiny-3.0.1.jar;C:\Users\DELL\.m2\repository\io\smallrye\reactive\mutiny-zero-flow-adapters\1.0.0\mutiny-zero-flow-adapters-1.0.0.jar;C:\Users\DELL\.m2\repository\org\jboss\narayana\jta\narayana-jta\7.0.0.Final\narayana-jta-7.0.0.Final.jar;C:\Users\DELL\.m2\repository\jakarta\resource\jakarta.resource-api\2.0.0\jakarta.resource-api-2.0.0.jar;C:\Users\DELL\.m2\repository\org\jboss\invocation\jboss-invocation\2.0.0.Final\jboss-invocation-2.0.0.Final.jar;C:\Users\DELL\.m2\repository\org\eclipse\microprofile\reactive-streams-operators\microprofile-reactive-streams-operators-api\3.0\microprofile-reactive-streams-operators-api-3.0.jar;C:\Users\DELL\.m2\repository\org\jboss\narayana\jts\narayana-jts-integration\7.0.0.Final\narayana-jts-integration-7.0.0.Final.jar;C:\Users\DELL\.m2\repository\org\hibernate\orm\hibernate-core\6.4.8.Final\hibernate-core-6.4.8.Final.jar;C:\Users\DELL\.m2\repository\com\fasterxml\classmate\1.5.1\classmate-1.5.1.jar;C:\Users\DELL\.m2\repository\org\hibernate\common\hibernate-commons-annotations\6.0.6.Final\hibernate-commons-annotations-6.0.6.Final.jar;C:\Users\DELL\.m2\repository\org\hibernate\orm\hibernate-graalvm\6.4.8.Final\hibernate-graalvm-6.4.8.Final.jar;C:\Users\DELL\.m2\repository\org\glassfish\jaxb\jaxb-runtime\4.0.4\jaxb-runtime-4.0.4.jar;C:\Users\DELL\.m2\repository\org\glassfish\jaxb\jaxb-core\4.0.4\jaxb-core-4.0.4.jar;C:\Users\DELL\.m2\repository\org\glassfish\jaxb\txw2\4.0.4\txw2-4.0.4.jar;C:\Users\DELL\.m2\repository\com\sun\istack\istack-commons-runtime\4.1.2\istack-commons-runtime-4.1.2.jar;C:\Users\DELL\.m2\repository\jakarta\persistence\jakarta.persistence-api\3.1.0\jakarta.persistence-api-3.1.0.jar;C:\Users\DELL\.m2\repository\org\hibernate\quarkus-local-cache\0.3.0\quarkus-local-cache-0.3.0.jar;C:\Users\DELL\.m2\repository\io\quarkus\quarkus-caffeine\3.8.5\quarkus-caffeine-3.8.5.jar;C:\Users\DELL\.m2\repository\io\quarkus\quarkus-agroal\3.8.5\quarkus-agroal-3.8.5.jar;C:\Users\DELL\.m2\repository\io\quarkus\quarkus-datasource\3.8.5\quarkus-datasource-3.8.5.jar;C:\Users\DELL\.m2\repository\io\agroal\agroal-api\2.3\agroal-api-2.3.jar;C:\Users\DELL\.m2\repository\io\agroal\agroal-narayana\2.3\agroal-narayana-2.3.jar;C:\Users\DELL\.m2\repository\org\jboss\jboss-transaction-spi\8.0.0.Final\jboss-transaction-spi-8.0.0.Final.jar;C:\Users\DELL\.m2\repository\io\agroal\agroal-pool\2.3\agroal-pool-2.3.jar;C:\Users\DELL\.m2\repository\io\quarkus\quarkus-jdbc-h2\3.8.5\quarkus-jdbc-h2-3.8.5.jar;C:\Users\DELL\.m2\repository\com\h2database\h2\2.2.224\h2-2.2.224.jar;C:\Users\DELL\.m2\repository\org\locationtech\jts\jts-core\1.17.0\jts-core-1.17.0.jar;C:\Users\DELL\.m2\repository\io\quarkus\quarkus-jdbc-postgresql\3.8.5\quarkus-jdbc-postgresql-3.8.5.jar;C:\Users\DELL\.m2\repository\org\postgresql\postgresql\42.7.2\postgresql-42.7.2.jar;C:\Users\DELL\.m2\repository\io\quarkus\quarkus-jdbc-mariadb\3.8.5\quarkus-jdbc-mariadb-3.8.5.jar;C:\Users\DELL\.m2\repository\org\mariadb\jdbc\mariadb-java-client\3.3.3\mariadb-java-client-3.3.3.jar;C:\Users\DELL\.m2\repository\com\github\waffle\waffle-jna\3.3.0\waffle-jna-3.3.0.jar;C:\Users\DELL\.m2\repository\net\java\dev\jna\jna\5.13.0\jna-5.13.0.jar;C:\Users\DELL\.m2\repository\net\java\dev\jna\jna-platform\5.13.0\jna-platform-5.13.0.jar;C:\Users\DELL\.m2\repository\io\quarkus\quarkus-jdbc-mysql\3.8.5\quarkus-jdbc-mysql-3.8.5.jar;C:\Users\DELL\.m2\repository\com\mysql\mysql-connector-j\8.3.0\mysql-connector-j-8.3.0.jar;C:\Users\DELL\.m2\repository\io\quarkus\quarkus-jdbc-mssql\3.8.5\quarkus-jdbc-mssql-3.8.5.jar;C:\Users\DELL\.m2\repository\com\microsoft\sqlserver\mssql-jdbc\12.4.2.jre11\mssql-jdbc-12.4.2.jre11.jar;C:\Users\DELL\.m2\repository\org\antlr\antlr4-runtime\4.13.0\antlr4-runtime-4.13.0.jar;C:\Users\DELL\.m2\repository\io\quarkus\quarkus-jdbc-oracle\3.8.5\quarkus-jdbc-oracle-3.8.5.jar;C:\Users\DELL\.m2\repository\io\quarkus\quarkus-core\3.8.5\quarkus-core-3.8.5.jar;C:\Users\DELL\.m2\repository\jakarta\annotation\jakarta.annotation-api\2.1.1\jakarta.annotation-api-2.1.1.jar;C:\Users\DELL\.m2\repository\jakarta\inject\jakarta.inject-api\2.0.1\jakarta.inject-api-2.0.1.jar;C:\Users\DELL\.m2\repository\io\smallrye\common\smallrye-common-os\2.2.0\smallrye-common-os-2.2.0.jar;C:\Users\DELL\.m2\repository\io\quarkus\quarkus-ide-launcher\3.8.5\quarkus-ide-launcher-3.8.5.jar;C:\Users\DELL\.m2\repository\io\quarkus\quarkus-development-mode-spi\3.8.5\quarkus-development-mode-spi-3.8.5.jar;C:\Users\DELL\.m2\repository\io\smallrye\config\smallrye-config\3.5.4\smallrye-config-3.5.4.jar;C:\Users\DELL\.m2\repository\io\smallrye\config\smallrye-config-core\3.5.4\smallrye-config-core-3.5.4.jar;C:\Users\DELL\.m2\repository\org\eclipse\microprofile\config\microprofile-config-api\3.1\microprofile-config-api-3.1.jar;C:\Users\DELL\.m2\repository\io\smallrye\common\smallrye-common-classloader\2.2.0\smallrye-common-classloader-2.2.0.jar;C:\Users\DELL\.m2\repository\io\smallrye\config\smallrye-config-common\3.5.4\smallrye-config-common-3.5.4.jar;C:\Users\DELL\.m2\repository\org\jboss\logging\jboss-logging\3.5.3.Final\jboss-logging-3.5.3.Final.jar;C:\Users\DELL\.m2\repository\org\jboss\logmanager\jboss-logmanager\3.0.4.Final\jboss-logmanager-3.0.4.Final.jar;C:\Users\DELL\.m2\repository\io\smallrye\common\smallrye-common-cpu\2.2.0\smallrye-common-cpu-2.2.0.jar;C:\Users\DELL\.m2\repository\io\smallrye\common\smallrye-common-expression\2.2.0\smallrye-common-expression-2.2.0.jar;C:\Users\DELL\.m2\repository\io\smallrye\common\smallrye-common-function\2.2.0\smallrye-common-function-2.2.0.jar;C:\Users\DELL\.m2\repository\io\smallrye\common\smallrye-common-net\2.2.0\smallrye-common-net-2.2.0.jar;C:\Users\DELL\.m2\repository\io\smallrye\common\smallrye-common-ref\2.2.0\smallrye-common-ref-2.2.0.jar;C:\Users\DELL\.m2\repository\jakarta\json\jakarta.json-api\2.1.3\jakarta.json-api-2.1.3.jar;C:\Users\DELL\.m2\repository\org\jboss\logging\jboss-logging-annotations\2.2.1.Final\jboss-logging-annotations-2.2.1.Final.jar;C:\Users\DELL\.m2\repository\org\jboss\threads\jboss-threads\3.5.1.Final\jboss-threads-3.5.1.Final.jar;C:\Users\DELL\.m2\repository\org\slf4j\slf4j-api\2.0.6\slf4j-api-2.0.6.jar;C:\Users\DELL\.m2\repository\org\jboss\slf4j\slf4j-jboss-logmanager\2.0.0.Final\slf4j-jboss-logmanager-2.0.0.Final.jar;C:\Users\DELL\.m2\repository\org\wildfly\common\wildfly-common\1.7.0.Final\wildfly-common-1.7.0.Final.jar;C:\Users\DELL\.m2\repository\io\quarkus\quarkus-bootstrap-runner\3.8.5\quarkus-bootstrap-runner-3.8.5.jar;C:\Users\DELL\.m2\repository\io\smallrye\common\smallrye-common-io\2.2.0\smallrye-common-io-2.2.0.jar;C:\Users\DELL\.m2\repository\io\quarkus\quarkus-fs-util\0.0.10\quarkus-fs-util-0.0.10.jar;C:\Users\DELL\.m2\repository\io\quarkus\quarkus-smallrye-health\3.8.5\quarkus-smallrye-health-3.8.5.jar;C:\Users\DELL\.m2\repository\io\smallrye\smallrye-health\4.1.0\smallrye-health-4.1.0.jar;C:\Users\DELL\.m2\repository\org\eclipse\microprofile\health\microprofile-health-api\4.0.1\microprofile-health-api-4.0.1.jar;C:\Users\DELL\.m2\repository\io\smallrye\smallrye-health-api\4.1.0\smallrye-health-api-4.1.0.jar;C:\Users\DELL\.m2\repository\io\smallrye\smallrye-health-provided-checks\4.1.0\smallrye-health-provided-checks-4.1.0.jar;C:\Users\DELL\.m2\repository\io\quarkus\quarkus-micrometer\3.8.5\quarkus-micrometer-3.8.5.jar;C:\Users\DELL\.m2\repository\io\micrometer\micrometer-core\1.12.2\micrometer-core-1.12.2.jar;C:\Users\DELL\.m2\repository\io\micrometer\micrometer-commons\1.12.2\micrometer-commons-1.12.2.jar;C:\Users\DELL\.m2\repository\io\micrometer\micrometer-observation\1.12.2\micrometer-observation-1.12.2.jar;C:\Users\DELL\.m2\repository\org\hdrhistogram\HdrHistogram\2.1.12\HdrHistogram-2.1.12.jar;C:\Users\DELL\.m2\repository\org\latencyutils\LatencyUtils\2.0.3\LatencyUtils-2.0.3.jar;C:\Users\DELL\.m2\repository\io\quarkus\quarkus-micrometer-registry-prometheus\3.8.5\quarkus-micrometer-registry-prometheus-3.8.5.jar;C:\Users\DELL\.m2\repository\io\micrometer\micrometer-registry-prometheus\1.12.2\micrometer-registry-prometheus-1.12.2.jar;C:\Users\DELL\.m2\repository\io\prometheus\simpleclient_common\0.16.0\simpleclient_common-0.16.0.jar;C:\Users\DELL\.m2\repository\io\prometheus\simpleclient\0.16.0\simpleclient-0.16.0.jar;C:\Users\DELL\.m2\repository\io\prometheus\simpleclient_tracer_otel\0.16.0\simpleclient_tracer_otel-0.16.0.jar;C:\Users\DELL\.m2\repository\io\prometheus\simpleclient_tracer_common\0.16.0\simpleclient_tracer_common-0.16.0.jar;C:\Users\DELL\.m2\repository\io\prometheus\simpleclient_tracer_otel_agent\0.16.0\simpleclient_tracer_otel_agent-0.16.0.jar;C:\Users\DELL\.m2\repository\io\quarkus\quarkus-logging-json\3.8.5\quarkus-logging-json-3.8.5.jar;C:\Users\DELL\.m2\repository\com\apicatalog\titanium-json-ld\1.3.3\titanium-json-ld-1.3.3.jar;C:\Users\DELL\.m2\repository\io\setl\rdf-urdna\1.1\rdf-urdna-1.1.jar;C:\Users\DELL\.m2\repository\io\smallrye\config\smallrye-config-source-keystore\3.5.4\smallrye-config-source-keystore-3.5.4.jar;C:\Users\DELL\.m2\repository\info\picocli\picocli\4.7.5\picocli-4.7.5.jar;C:\Users\DELL\.m2\repository\org\keycloak\keycloak-services\25.0.1\keycloak-services-25.0.1.jar;C:\Users\DELL\.m2\repository\org\keycloak\keycloak-js-adapter-jar\25.0.1\keycloak-js-adapter-jar-25.0.1.jar;C:\Users\DELL\.m2\repository\org\keycloak\keycloak-common\25.0.1\keycloak-common-25.0.1.jar;C:\Users\DELL\.m2\repository\org\keycloak\keycloak-core\25.0.1\keycloak-core-25.0.1.jar;C:\Users\DELL\.m2\repository\org\keycloak\keycloak-crypto-default\25.0.1\keycloak-crypto-default-25.0.1.jar;C:\Users\DELL\.m2\repository\org\bouncycastle\bcprov-jdk18on\1.78.1\bcprov-jdk18on-1.78.1.jar;C:\Users\DELL\.m2\repository\org\bouncycastle\bcpkix-jdk18on\1.78.1\bcpkix-jdk18on-1.78.1.jar;C:\Users\DELL\.m2\repository\org\bouncycastle\bcutil-jdk18on\1.78.1\bcutil-jdk18on-1.78.1.jar;C:\Users\DELL\.m2\repository\org\keycloak\keycloak-crypto-fips1402\25.0.1\keycloak-crypto-fips1402-25.0.1.jar;C:\Users\DELL\.m2\repository\org\keycloak\keycloak-server-spi\25.0.1\keycloak-server-spi-25.0.1.jar;C:\Users\DELL\.m2\repository\org\keycloak\keycloak-server-spi-private\25.0.1\keycloak-server-spi-private-25.0.1.jar;C:\Users\DELL\.m2\repository\org\keycloak\keycloak-themes\25.0.1\keycloak-themes-25.0.1.jar;C:\Users\DELL\.m2\repository\org\keycloak\keycloak-saml-core-public\25.0.1\keycloak-saml-core-public-25.0.1.jar;C:\Users\DELL\.m2\repository\org\keycloak\keycloak-saml-core\25.0.1\keycloak-saml-core-25.0.1.jar;C:\Users\DELL\.m2\repository\org\keycloak\keycloak-model-jpa\25.0.1\keycloak-model-jpa-25.0.1.jar;C:\Users\DELL\.m2\repository\org\keycloak\keycloak-model-infinispan\25.0.1\keycloak-model-infinispan-25.0.1.jar;C:\Users\DELL\.m2\repository\org\keycloak\keycloak-model-storage\25.0.1\keycloak-model-storage-25.0.1.jar;C:\Users\DELL\.m2\repository\org\keycloak\keycloak-model-storage-private\25.0.1\keycloak-model-storage-private-25.0.1.jar;C:\Users\DELL\.m2\repository\org\keycloak\keycloak-model-storage-services\25.0.1\keycloak-model-storage-services-25.0.1.jar;C:\Users\DELL\.m2\repository\org\keycloak\keycloak-authz-policy-common\25.0.1\keycloak-authz-policy-common-25.0.1.jar;C:\Users\DELL\.m2\repository\org\keycloak\keycloak-kerberos-federation\25.0.1\keycloak-kerberos-federation-25.0.1.jar;C:\Users\DELL\.m2\repository\org\keycloak\keycloak-sssd-federation\25.0.1\keycloak-sssd-federation-25.0.1.jar;C:\Users\DELL\.m2\repository\org\keycloak\keycloak-ldap-federation\25.0.1\keycloak-ldap-federation-25.0.1.jar;C:\Users\DELL\.m2\repository\org\keycloak\keycloak-config-api\25.0.1\keycloak-config-api-25.0.1.jar;C:\Users\DELL\.m2\repository\org\keycloak\keycloak-account-ui\25.0.1\keycloak-account-ui-25.0.1.jar;C:\Users\DELL\.m2\repository\org\keycloak\keycloak-admin-ui\25.0.1\keycloak-admin-ui-25.0.1.jar;C:\Users\DELL\.m2\repository\org\keycloak\keycloak-rest-admin-ui-ext\25.0.1\keycloak-rest-admin-ui-ext-25.0.1.jar;C:\Users\DELL\.m2\repository\org\jboss\logging\commons-logging-jboss-logging\1.0.0.Final\commons-logging-jboss-logging-1.0.0.Final.jar;C:\Users\DELL\.m2\repository\commons-io\commons-io\2.15.1\commons-io-2.15.1.jar;C:\Users\DELL\.m2\repository\com\webauthn4j\webauthn4j-core\0.21.5.RELEASE\webauthn4j-core-0.21.5.RELEASE.jar;C:\Users\DELL\.m2\repository\com\webauthn4j\webauthn4j-util\0.21.5.RELEASE\webauthn4j-util-0.21.5.RELEASE.jar;C:\Users\DELL\.m2\repository\com\fasterxml\jackson\dataformat\jackson-dataformat-cbor\2.17.0\jackson-dataformat-cbor-2.17.0.jar;C:\Users\DELL\.m2\repository\org\apache\kerby\kerby-asn1\2.0.3\kerby-asn1-2.0.3.jar;C:\Users\DELL\.m2\repository\org\freemarker\freemarker\2.3.32\freemarker-2.3.32.jar;C:\Users\DELL\.m2\repository\com\google\guava\guava\33.0.0-jre\guava-33.0.0-jre.jar;C:\Users\DELL\.m2\repository\com\googlecode\owasp-java-html-sanitizer\owasp-java-html-sanitizer\20240325.1\owasp-java-html-sanitizer-20240325.1.jar;C:\Users\DELL\.m2\repository\com\googlecode\owasp-java-html-sanitizer\java8-shim\20240325.1\java8-shim-20240325.1.jar;C:\Users\DELL\.m2\repository\com\googlecode\owasp-java-html-sanitizer\java10-shim\20240325.1\java10-shim-20240325.1.jar;C:\Users\DELL\.m2\repository\org\apache\httpcomponents\httpcore\4.4.16\httpcore-4.4.16.jar;C:\Users\DELL\.m2\repository\org\apache\httpcomponents\httpclient\4.5.14\httpclient-4.5.14.jar;C:\Users\DELL\.m2\repository\org\infinispan\infinispan-cachestore-remote\15.0.5.Final\infinispan-cachestore-remote-15.0.5.Final.jar;C:\Users\DELL\.m2\repository\org\infinispan\infinispan-client-hotrod\15.0.5.Final\infinispan-client-hotrod-15.0.5.Final.jar;C:\Users\DELL\.m2\repository\org\wildfly\security\wildfly-elytron-sasl-digest\2.4.2.Final\wildfly-elytron-sasl-digest-2.4.2.Final.jar;C:\Users\DELL\.m2\repository\org\wildfly\security\wildfly-elytron-auth-server\2.4.2.Final\wildfly-elytron-auth-server-2.4.2.Final.jar;C:\Users\DELL\.m2\repository\org\wildfly\security\wildfly-elytron-auth\2.4.2.Final\wildfly-elytron-auth-2.4.2.Final.jar;C:\Users\DELL\.m2\repository\org\wildfly\security\wildfly-elytron-base\2.4.2.Final\wildfly-elytron-base-2.4.2.Final.jar;C:\Users\DELL\.m2\repository\org\wildfly\security\wildfly-elytron-permission\2.4.2.Final\wildfly-elytron-permission-2.4.2.Final.jar;C:\Users\DELL\.m2\repository\org\wildfly\security\wildfly-elytron-x500\2.4.2.Final\wildfly-elytron-x500-2.4.2.Final.jar;C:\Users\DELL\.m2\repository\org\wildfly\security\wildfly-elytron-credential\2.4.2.Final\wildfly-elytron-credential-2.4.2.Final.jar;C:\Users\DELL\.m2\repository\org\wildfly\security\wildfly-elytron-keystore\2.4.2.Final\wildfly-elytron-keystore-2.4.2.Final.jar;C:\Users\DELL\.m2\repository\org\wildfly\security\wildfly-elytron-x500-cert\2.4.2.Final\wildfly-elytron-x500-cert-2.4.2.Final.jar;C:\Users\DELL\.m2\repository\org\wildfly\security\wildfly-elytron-x500-cert-util\2.4.2.Final\wildfly-elytron-x500-cert-util-2.4.2.Final.jar;C:\Users\DELL\.m2\repository\org\wildfly\security\wildfly-elytron-provider-util\2.4.2.Final\wildfly-elytron-provider-util-2.4.2.Final.jar;C:\Users\DELL\.m2\repository\org\wildfly\security\wildfly-elytron-mechanism\2.4.2.Final\wildfly-elytron-mechanism-2.4.2.Final.jar;C:\Users\DELL\.m2\repository\org\wildfly\security\wildfly-elytron-http\2.4.2.Final\wildfly-elytron-http-2.4.2.Final.jar;C:\Users\DELL\.m2\repository\org\wildfly\security\wildfly-elytron-mechanism-digest\2.4.2.Final\wildfly-elytron-mechanism-digest-2.4.2.Final.jar;C:\Users\DELL\.m2\repository\org\wildfly\security\wildfly-elytron-sasl\2.4.2.Final\wildfly-elytron-sasl-2.4.2.Final.jar;C:\Users\DELL\.m2\repository\org\wildfly\security\wildfly-elytron-ssl\2.4.2.Final\wildfly-elytron-ssl-2.4.2.Final.jar;C:\Users\DELL\.m2\repository\org\wildfly\security\wildfly-elytron-util\2.4.2.Final\wildfly-elytron-util-2.4.2.Final.jar;C:\Users\DELL\.m2\repository\org\wildfly\security\wildfly-elytron-sasl-external\2.4.2.Final\wildfly-elytron-sasl-external-2.4.2.Final.jar;C:\Users\DELL\.m2\repository\org\wildfly\security\wildfly-elytron-sasl-gs2\2.4.2.Final\wildfly-elytron-sasl-gs2-2.4.2.Final.jar;C:\Users\DELL\.m2\repository\org\wildfly\security\wildfly-elytron-asn1\2.4.2.Final\wildfly-elytron-asn1-2.4.2.Final.jar;C:\Users\DELL\.m2\repository\org\wildfly\security\wildfly-elytron-mechanism-gssapi\2.4.2.Final\wildfly-elytron-mechanism-gssapi-2.4.2.Final.jar;C:\Users\DELL\.m2\repository\org\wildfly\security\wildfly-elytron-security-manager-action\2.4.2.Final\wildfly-elytron-security-manager-action-2.4.2.Final.jar;C:\Users\DELL\.m2\repository\org\wildfly\security\wildfly-elytron-sasl-gssapi\2.4.2.Final\wildfly-elytron-sasl-gssapi-2.4.2.Final.jar;C:\Users\DELL\.m2\repository\org\wildfly\security\wildfly-elytron-sasl-oauth2\2.4.2.Final\wildfly-elytron-sasl-oauth2-2.4.2.Final.jar;C:\Users\DELL\.m2\repository\org\wildfly\security\wildfly-elytron-mechanism-oauth2\2.4.2.Final\wildfly-elytron-mechanism-oauth2-2.4.2.Final.jar;C:\Users\DELL\.m2\repository\org\wildfly\security\wildfly-elytron-sasl-plain\2.4.2.Final\wildfly-elytron-sasl-plain-2.4.2.Final.jar;C:\Users\DELL\.m2\repository\org\wildfly\security\wildfly-elytron-sasl-scram\2.4.2.Final\wildfly-elytron-sasl-scram-2.4.2.Final.jar;C:\Users\DELL\.m2\repository\org\wildfly\security\wildfly-elytron-mechanism-scram\2.4.2.Final\wildfly-elytron-mechanism-scram-2.4.2.Final.jar;C:\Users\DELL\.m2\repository\org\wildfly\security\wildfly-elytron-password-impl\2.4.2.Final\wildfly-elytron-password-impl-2.4.2.Final.jar;C:\Users\DELL\.m2\repository\io\netty\netty-resolver-dns\4.1.109.Final\netty-resolver-dns-4.1.109.Final.jar;C:\Users\DELL\.m2\repository\io\netty\netty-codec-dns\4.1.109.Final\netty-codec-dns-4.1.109.Final.jar;C:\Users\DELL\.m2\repository\io\netty\netty-transport-native-epoll\4.1.109.Final\netty-transport-native-epoll-4.1.109.Final-linux-x86_64.jar;C:\Users\DELL\.m2\repository\io\netty\netty-transport-classes-epoll\4.1.109.Final\netty-transport-classes-epoll-4.1.109.Final.jar;C:\Users\DELL\.m2\repository\io\netty\netty-transport-native-epoll\4.1.109.Final\netty-transport-native-epoll-4.1.109.Final-linux-aarch_64.jar;C:\Users\DELL\.m2\repository\org\infinispan\infinispan-multimap\15.0.5.Final\infinispan-multimap-15.0.5.Final.jar;C:\Users\DELL\.m2\repository\com\github\ua-parser\uap-java\1.5.4\uap-java-1.5.4.jar;C:\Users\DELL\.m2\repository\org\yaml\snakeyaml\2.0\snakeyaml-2.0.jar;C:\Users\DELL\.m2\repository\org\snakeyaml\snakeyaml-engine\2.6\snakeyaml-engine-2.6.jar;C:\Users\DELL\.m2\repository\com\google\zxing\core\3.4.0\core-3.4.0.jar;C:\Users\DELL\.m2\repository\com\google\zxing\javase\3.4.0\javase-3.4.0.jar;C:\Users\DELL\.m2\repository\jakarta\mail\jakarta.mail-api\2.1.1\jakarta.mail-api-2.1.1.jar;C:\Users\DELL\.m2\repository\jakarta\activation\jakarta.activation-api\2.1.1\jakarta.activation-api-2.1.1.jar;C:\Users\DELL\.m2\repository\org\eclipse\angus\angus-mail\2.0.1\angus-mail-2.0.1.jar;C:\Users\DELL\.m2\repository\org\eclipse\angus\angus-activation\2.0.0\angus-activation-2.0.0.jar;C:\Users\DELL\.m2\repository\jakarta\xml\soap\jakarta.xml.soap-api\3.0.0\jakarta.xml.soap-api-3.0.0.jar;C:\Users\DELL\.m2\repository\com\sun\xml\messaging\saaj\saaj-impl\2.0.1\saaj-impl-2.0.1.jar;C:\Users\DELL\.m2\repository\org\jvnet\staxex\stax-ex\2.0.1\stax-ex-2.0.1.jar;C:\Users\DELL\.m2\repository\com\sun\activation\jakarta.activation\2.0.1\jakarta.activation-2.0.1.jar;C:\Users\DELL\.m2\repository\org\apache\santuario\xmlsec\2.2.6\xmlsec-2.2.6.jar;C:\Users\DELL\.m2\repository\commons-codec\commons-codec\1.15\commons-codec-1.15.jar;C:\Users\DELL\.m2\repository\org\apache\commons\commons-lang3\3.14.0\commons-lang3-3.14.0.jar;C:\Users\DELL\.m2\repository\org\liquibase\liquibase-core\4.25.1\liquibase-core-4.25.1.jar;C:\Users\DELL\.m2\repository\com\opencsv\opencsv\5.8\opencsv-5.8.jar;C:\Users\DELL\.m2\repository\org\apache\commons\commons-collections4\4.4\commons-collections4-4.4.jar;C:\Users\DELL\.m2\repository\javax\xml\bind\jaxb-api\2.3.1\jaxb-api-2.3.1.jar;C:\Users\DELL\.m2\repository\org\infinispan\infinispan-commons\15.0.5.Final\infinispan-commons-15.0.5.Final.jar;C:\Users\DELL\.m2\repository\org\infinispan\protostream\protostream\5.0.4.Final\protostream-5.0.4.Final.jar;C:\Users\DELL\.m2\repository\org\infinispan\protostream\protostream-types\5.0.4.Final\protostream-types-5.0.4.Final.jar;C:\Users\DELL\.m2\repository\org\infinispan\protostream\protostream-processor\5.0.4.Final\protostream-processor-5.0.4.Final.jar;C:\Users\DELL\.m2\repository\com\github\ben-manes\caffeine\caffeine\3.1.8\caffeine-3.1.8.jar;C:\Users\DELL\.m2\repository\io\reactivex\rxjava3\rxjava\3.1.8\rxjava-3.1.8.jar;C:\Users\DELL\.m2\repository\org\reactivestreams\reactive-streams\1.0.4\reactive-streams-1.0.4.jar;C:\Users\DELL\.m2\repository\org\infinispan\infinispan-core\15.0.5.Final\infinispan-core-15.0.5.Final.jar;C:\Users\DELL\.m2\repository\org\jgroups\jgroups\5.3.6.Final\jgroups-5.3.6.Final.jar;C:\Users\DELL\.m2\repository\org\infinispan\infinispan-jboss-marshalling\15.0.5.Final\infinispan-jboss-marshalling-15.0.5.Final.jar;C:\Users\DELL\.m2\repository\org\jboss\marshalling\jboss-marshalling-river\2.1.4.Final\jboss-marshalling-river-2.1.4.Final.jar;C:\Users\DELL\.m2\repository\org\jboss\marshalling\jboss-marshalling\2.1.4.Final\jboss-marshalling-2.1.4.Final.jar;C:\Users\DELL\.m2\repository\jakarta\xml\bind\jakarta.xml.bind-api\4.0.1\jakarta.xml.bind-api-4.0.1.jar;C:\Users\DELL\.m2\repository\jakarta\transaction\jakarta.transaction-api\2.0.1\jakarta.transaction-api-2.0.1.jar;C:\Users\DELL\.m2\repository\org\openjdk\nashorn\nashorn-core\15.4\nashorn-core-15.4.jar;C:\Users\DELL\.m2\repository\org\ow2\asm\asm\7.3.1\asm-7.3.1.jar;C:\Users\DELL\.m2\repository\org\ow2\asm\asm-commons\7.3.1\asm-commons-7.3.1.jar;C:\Users\DELL\.m2\repository\org\ow2\asm\asm-analysis\7.3.1\asm-analysis-7.3.1.jar;C:\Users\DELL\.m2\repository\org\ow2\asm\asm-tree\7.3.1\asm-tree-7.3.1.jar;C:\Users\DELL\.m2\repository\org\ow2\asm\asm-util\7.3.1\asm-util-7.3.1.jar;C:\Users\DELL\.m2\repository\org\twitter4j\twitter4j-core\4.1.2\twitter4j-core-4.1.2.jar;C:\Users\DELL\.m2\repository\io\quarkus\quarkus-logging-gelf\3.8.5\quarkus-logging-gelf-3.8.5.jar;C:\Users\DELL\.m2\repository\biz\paluch\logging\logstash-gelf\1.15.1\logstash-gelf-1.15.1.jar;C:\Users\DELL\.m2\repository\com\fasterxml\jackson\core\jackson-databind\2.17.0\jackson-databind-2.17.0.jar;C:\Users\DELL\.m2\repository\com\fasterxml\jackson\core\jackson-annotations\2.17.0\jackson-annotations-2.17.0.jar;C:\Users\DELL\.m2\repository\net\bytebuddy\byte-buddy\1.14.9\byte-buddy-1.14.9.jar;C:\Users\DELL\.m2\repository\com\fasterxml\jackson\core\jackson-core\2.17.0\jackson-core-2.17.0.jar;C:\Users\DELL\.m2\repository\io\quarkus\quarkus-vertx-http-dev-ui-resources\3.13.0\quarkus-vertx-http-dev-ui-resources-3.13.0.jar;C:\Users\DELL\.m2\repository\org\mvnpm\at\vaadin\router\1.7.5\router-1.7.5.jar;C:\Users\DELL\.m2\repository\org\mvnpm\path-to-regexp\2.4.0\path-to-regexp-2.4.0.jar;C:\Users\DELL\.m2\repository\org\mvnpm\at\mvnpm\vaadin-webcomponents\24.4.2\vaadin-webcomponents-24.4.2.jar;C:\Users\DELL\.m2\repository\org\mvnpm\at\vaadin\vaadin-usage-statistics\2.1.2\vaadin-usage-statistics-2.1.2.jar;C:\Users\DELL\.m2\repository\org\mvnpm\at\vaadin\vaadin-development-mode-detector\2.0.7\vaadin-development-mode-detector-2.0.7.jar;C:\Users\DELL\.m2\repository\org\mvnpm\at\polymer\polymer\3.5.1\polymer-3.5.1.jar;C:\Users\DELL\.m2\repository\org\mvnpm\at\webcomponents\shadycss\1.11.2\shadycss-1.11.2.jar;C:\Users\DELL\.m2\repository\org\mvnpm\at\open-wc\dedupe-mixin\1.4.0\dedupe-mixin-1.4.0.jar;C:\Users\DELL\.m2\repository\org\mvnpm\lit\3.1.4\lit-3.1.4.jar;C:\Users\DELL\.m2\repository\org\mvnpm\at\lit\reactive-element\2.0.4\reactive-element-2.0.4.jar;C:\Users\DELL\.m2\repository\org\mvnpm\lit-element\4.0.6\lit-element-4.0.6.jar;C:\Users\DELL\.m2\repository\org\mvnpm\lit-html\3.1.4\lit-html-3.1.4.jar;C:\Users\DELL\.m2\repository\org\mvnpm\at\lit-labs\ssr-dom-shim\1.2.0\ssr-dom-shim-1.2.0.jar;C:\Users\DELL\.m2\repository\org\mvnpm\at\types\trusted-types\2.0.7\trusted-types-2.0.7.jar;C:\Users\DELL\.m2\repository\org\mvnpm\lit-element-state\1.7.0\lit-element-state-1.7.0.jar;C:\Users\DELL\.m2\repository\org\mvnpm\echarts\5.5.1\echarts-5.5.1.jar;C:\Users\DELL\.m2\repository\org\mvnpm\tslib\2.3.0\tslib-2.3.0.jar;C:\Users\DELL\.m2\repository\org\mvnpm\zrender\5.6.0\zrender-5.6.0.jar;C:\Users\DELL\.m2\repository\org\mvnpm\at\mvnpm\codeblock\1.0.16\codeblock-1.0.16.jar;C:\Users\DELL\.m2\repository\org\mvnpm\at\mvnpm\qomponent\1.0.0\qomponent-1.0.0.jar;C:\Users\DELL\.m2\repository\org\mvnpm\markdown-it\14.1.0\markdown-it-14.1.0.jar;C:\Users\DELL\.m2\repository\org\mvnpm\argparse\2.0.1\argparse-2.0.1.jar;C:\Users\DELL\.m2\repository\org\mvnpm\entities\4.5.0\entities-4.5.0.jar;C:\Users\DELL\.m2\repository\org\mvnpm\linkify-it\5.0.0\linkify-it-5.0.0.jar;C:\Users\DELL\.m2\repository\org\mvnpm\mdurl\2.0.0\mdurl-2.0.0.jar;C:\Users\DELL\.m2\repository\org\mvnpm\punycode.js\2.3.1\punycode.js-2.3.1.jar;C:\Users\DELL\.m2\repository\org\mvnpm\uc.micro\2.1.0\uc.micro-2.1.0.jar;C:\Users\DELL\.m2\repository\org\mvnpm\es-module-shims\1.10.0\es-module-shims-1.10.0.jar;C:\Users\DELL\.m2\repository\junit\junit\3.8.1\junit-3.8.1.jar;"/>
    <property name="java.vm.vendor" value="Oracle Corporation"/>
    <property name="sun.arch.data.model" value="64"/>
    <property name="user.variant" value=""/>
    <property name="java.vendor.url" value="https://java.oracle.com/"/>
    <property name="user.timezone" value="Asia/Calcutta"/>
    <property name="os.name" value="Windows 11"/>
    <property name="java.vm.specification.version" value="22"/>
    <property name="sun.java.launcher" value="SUN_STANDARD"/>
    <property name="user.country" value="AE"/>
    <property name="sun.boot.library.path" value="C:\Program Files\Java\jdk-22\bin"/>
    <property name="sun.java.command" value="C:\Users\DELL\AppData\Local\Temp\surefire5322636242703661830\surefirebooter-20240807162143241_3.jar C:\Users\DELL\AppData\Local\Temp\surefire5322636242703661830 2024-08-07T16-21-43_017-jvmRun1 surefire-20240807162143241_1tmp surefire_0-20240807162143241_2tmp"/>
    <property name="jdk.debug" value="release"/>
    <property name="surefire.test.class.path" value="C:\Users\DELL\Downloads\keycloak projects\header-claim-mapper\target\test-classes;C:\Users\DELL\Downloads\keycloak projects\header-claim-mapper\target\classes;C:\Users\DELL\.m2\repository\org\keycloak\keycloak-quarkus-server-app\25.0.1\keycloak-quarkus-server-app-25.0.1.jar;C:\Users\DELL\.m2\repository\org\keycloak\keycloak-quarkus-server\25.0.1\keycloak-quarkus-server-25.0.1.jar;C:\Users\DELL\.m2\repository\io\quarkus\quarkus-vertx-http\3.8.5\quarkus-vertx-http-3.8.5.jar;C:\Users\DELL\.m2\repository\io\quarkus\quarkus-security-runtime-spi\3.8.5\quarkus-security-runtime-spi-3.8.5.jar;C:\Users\DELL\.m2\repository\io\quarkus\quarkus-credentials\3.8.5\quarkus-credentials-3.8.5.jar;C:\Users\DELL\.m2\repository\io\quarkus\arc\arc\3.8.5\arc-3.8.5.jar;C:\Users\DELL\.m2\repository\io\quarkus\quarkus-mutiny\3.8.5\quarkus-mutiny-3.8.5.jar;C:\Users\DELL\.m2\repository\io\smallrye\reactive\mutiny\2.5.8\mutiny-2.5.8.jar;C:\Users\DELL\.m2\repository\io\quarkus\quarkus-smallrye-context-propagation\3.8.5\quarkus-smallrye-context-propagation-3.8.5.jar;C:\Users\DELL\.m2\repository\io\smallrye\smallrye-context-propagation\2.1.0\smallrye-context-propagation-2.1.0.jar;C:\Users\DELL\.m2\repository\io\smallrye\smallrye-context-propagation-api\2.1.0\smallrye-context-propagation-api-2.1.0.jar;C:\Users\DELL\.m2\repository\io\smallrye\smallrye-context-propagation-storage\2.1.0\smallrye-context-propagation-storage-2.1.0.jar;C:\Users\DELL\.m2\repository\io\smallrye\reactive\mutiny-smallrye-context-propagation\2.5.8\mutiny-smallrye-context-propagation-2.5.8.jar;C:\Users\DELL\.m2\repository\io\smallrye\common\smallrye-common-vertx-context\2.2.0\smallrye-common-vertx-context-2.2.0.jar;C:\Users\DELL\.m2\repository\io\vertx\vertx-core\4.4.5\vertx-core-4.4.5.jar;C:\Users\DELL\.m2\repository\io\netty\netty-common\4.1.97.Final\netty-common-4.1.97.Final.jar;C:\Users\DELL\.m2\repository\io\netty\netty-handler-proxy\4.1.97.Final\netty-handler-proxy-4.1.97.Final.jar;C:\Users\DELL\.m2\repository\io\netty\netty-codec-socks\4.1.97.Final\netty-codec-socks-4.1.97.Final.jar;C:\Users\DELL\.m2\repository\io\netty\netty-resolver\4.1.97.Final\netty-resolver-4.1.97.Final.jar;C:\Users\DELL\.m2\repository\io\smallrye\common\smallrye-common-constraint\2.2.0\smallrye-common-constraint-2.2.0.jar;C:\Users\DELL\.m2\repository\io\quarkus\security\quarkus-security\2.0.3.Final\quarkus-security-2.0.3.Final.jar;C:\Users\DELL\.m2\repository\io\smallrye\reactive\smallrye-mutiny-vertx-web\3.11.0\smallrye-mutiny-vertx-web-3.11.0.jar;C:\Users\DELL\.m2\repository\io\smallrye\reactive\smallrye-mutiny-vertx-web-common\3.11.0\smallrye-mutiny-vertx-web-common-3.11.0.jar;C:\Users\DELL\.m2\repository\io\smallrye\reactive\smallrye-mutiny-vertx-auth-common\3.11.0\smallrye-mutiny-vertx-auth-common-3.11.0.jar;C:\Users\DELL\.m2\repository\io\smallrye\reactive\smallrye-mutiny-vertx-bridge-common\3.11.0\smallrye-mutiny-vertx-bridge-common-3.11.0.jar;C:\Users\DELL\.m2\repository\io\smallrye\reactive\smallrye-mutiny-vertx-uri-template\3.11.0\smallrye-mutiny-vertx-uri-template-3.11.0.jar;C:\Users\DELL\.m2\repository\io\vertx\vertx-web\4.5.7\vertx-web-4.5.7.jar;C:\Users\DELL\.m2\repository\io\vertx\vertx-web-common\4.5.7\vertx-web-common-4.5.7.jar;C:\Users\DELL\.m2\repository\io\vertx\vertx-auth-common\4.5.7\vertx-auth-common-4.5.7.jar;C:\Users\DELL\.m2\repository\io\vertx\vertx-bridge-common\4.5.7\vertx-bridge-common-4.5.7.jar;C:\Users\DELL\.m2\repository\io\github\crac\org-crac\0.1.3\org-crac-0.1.3.jar;C:\Users\DELL\.m2\repository\io\quarkus\quarkus-vertx\3.8.5\quarkus-vertx-3.8.5.jar;C:\Users\DELL\.m2\repository\io\quarkus\quarkus-arc\3.8.5\quarkus-arc-3.8.5.jar;C:\Users\DELL\.m2\repository\org\eclipse\microprofile\context-propagation\microprofile-context-propagation-api\1.3\microprofile-context-propagation-api-1.3.jar;C:\Users\DELL\.m2\repository\io\quarkus\quarkus-netty\3.8.5\quarkus-netty-3.8.5.jar;C:\Users\DELL\.m2\repository\io\netty\netty-codec\4.1.108.Final\netty-codec-4.1.108.Final.jar;C:\Users\DELL\.m2\repository\io\netty\netty-codec-http\4.1.108.Final\netty-codec-http-4.1.108.Final.jar;C:\Users\DELL\.m2\repository\io\netty\netty-codec-http2\4.1.108.Final\netty-codec-http2-4.1.108.Final.jar;C:\Users\DELL\.m2\repository\io\netty\netty-handler\4.1.108.Final\netty-handler-4.1.108.Final.jar;C:\Users\DELL\.m2\repository\io\netty\netty-transport-native-unix-common\4.1.108.Final\netty-transport-native-unix-common-4.1.108.Final.jar;C:\Users\DELL\.m2\repository\io\netty\netty-codec-haproxy\4.1.108.Final\netty-codec-haproxy-4.1.108.Final.jar;C:\Users\DELL\.m2\repository\io\netty\netty-buffer\4.1.108.Final\netty-buffer-4.1.108.Final.jar;C:\Users\DELL\.m2\repository\io\netty\netty-transport\4.1.108.Final\netty-transport-4.1.108.Final.jar;C:\Users\DELL\.m2\repository\io\smallrye\common\smallrye-common-annotation\2.2.0\smallrye-common-annotation-2.2.0.jar;C:\Users\DELL\.m2\repository\io\quarkus\quarkus-virtual-threads\3.8.5\quarkus-virtual-threads-3.8.5.jar;C:\Users\DELL\.m2\repository\io\quarkus\quarkus-vertx-latebound-mdc-provider\3.8.5\quarkus-vertx-latebound-mdc-provider-3.8.5.jar;C:\Users\DELL\.m2\repository\io\smallrye\reactive\smallrye-mutiny-vertx-core\3.11.0\smallrye-mutiny-vertx-core-3.11.0.jar;C:\Users\DELL\.m2\repository\io\smallrye\reactive\smallrye-mutiny-vertx-runtime\3.11.0\smallrye-mutiny-vertx-runtime-3.11.0.jar;C:\Users\DELL\.m2\repository\io\smallrye\reactive\vertx-mutiny-generator\3.11.0\vertx-mutiny-generator-3.11.0.jar;C:\Users\DELL\.m2\repository\io\vertx\vertx-codegen\4.5.5\vertx-codegen-4.5.5.jar;C:\Users\DELL\.m2\repository\io\smallrye\smallrye-fault-tolerance-vertx\6.2.6\smallrye-fault-tolerance-vertx-6.2.6.jar;C:\Users\DELL\.m2\repository\io\quarkus\quarkus-reactive-routes\3.8.5\quarkus-reactive-routes-3.8.5.jar;C:\Users\DELL\.m2\repository\io\quarkus\quarkus-jackson\3.8.5\quarkus-jackson-3.8.5.jar;C:\Users\DELL\.m2\repository\com\fasterxml\jackson\datatype\jackson-datatype-jsr310\2.17.0\jackson-datatype-jsr310-2.17.0.jar;C:\Users\DELL\.m2\repository\com\fasterxml\jackson\datatype\jackson-datatype-jdk8\2.17.0\jackson-datatype-jdk8-2.17.0.jar;C:\Users\DELL\.m2\repository\com\fasterxml\jackson\module\jackson-module-parameter-names\2.17.0\jackson-module-parameter-names-2.17.0.jar;C:\Users\DELL\.m2\repository\jakarta\enterprise\jakarta.enterprise.cdi-api\4.0.1\jakarta.enterprise.cdi-api-4.0.1.jar;C:\Users\DELL\.m2\repository\jakarta\enterprise\jakarta.enterprise.lang-model\4.0.1\jakarta.enterprise.lang-model-4.0.1.jar;C:\Users\DELL\.m2\repository\jakarta\el\jakarta.el-api\5.0.0\jakarta.el-api-5.0.0.jar;C:\Users\DELL\.m2\repository\jakarta\interceptor\jakarta.interceptor-api\2.1.0\jakarta.interceptor-api-2.1.0.jar;C:\Users\DELL\.m2\repository\io\quarkus\quarkus-resteasy-reactive\3.8.5\quarkus-resteasy-reactive-3.8.5.jar;C:\Users\DELL\.m2\repository\io\quarkus\quarkus-resteasy-reactive-common\3.8.5\quarkus-resteasy-reactive-common-3.8.5.jar;C:\Users\DELL\.m2\repository\io\quarkus\resteasy\reactive\resteasy-reactive-common\3.8.5\resteasy-reactive-common-3.8.5.jar;C:\Users\DELL\.m2\repository\io\quarkus\resteasy\reactive\resteasy-reactive-common-types\3.8.5\resteasy-reactive-common-types-3.8.5.jar;C:\Users\DELL\.m2\repository\io\quarkus\resteasy\reactive\resteasy-reactive-vertx\3.8.5\resteasy-reactive-vertx-3.8.5.jar;C:\Users\DELL\.m2\repository\io\quarkus\resteasy\reactive\resteasy-reactive\3.8.5\resteasy-reactive-3.8.5.jar;C:\Users\DELL\.m2\repository\jakarta\ws\rs\jakarta.ws.rs-api\3.1.0\jakarta.ws.rs-api-3.1.0.jar;C:\Users\DELL\.m2\repository\io\quarkus\quarkus-jsonp\3.8.5\quarkus-jsonp-3.8.5.jar;C:\Users\DELL\.m2\repository\org\eclipse\parsson\parsson\1.1.5\parsson-1.1.5.jar;C:\Users\DELL\.m2\repository\io\quarkus\quarkus-resteasy-reactive-jackson\3.8.5\quarkus-resteasy-reactive-jackson-3.8.5.jar;C:\Users\DELL\.m2\repository\io\quarkus\quarkus-resteasy-reactive-jackson-common\3.8.5\quarkus-resteasy-reactive-jackson-common-3.8.5.jar;C:\Users\DELL\.m2\repository\io\quarkus\resteasy\reactive\resteasy-reactive-jackson\3.8.5\resteasy-reactive-jackson-3.8.5.jar;C:\Users\DELL\.m2\repository\io\quarkus\quarkus-hibernate-orm\3.8.5\quarkus-hibernate-orm-3.8.5.jar;C:\Users\DELL\.m2\repository\io\quarkus\quarkus-narayana-jta\3.8.5\quarkus-narayana-jta-3.8.5.jar;C:\Users\DELL\.m2\repository\io\quarkus\quarkus-transaction-annotations\3.8.5\quarkus-transaction-annotations-3.8.5.jar;C:\Users\DELL\.m2\repository\io\quarkus\quarkus-datasource-common\3.8.5\quarkus-datasource-common-3.8.5.jar;C:\Users\DELL\.m2\repository\io\smallrye\smallrye-context-propagation-jta\2.1.0\smallrye-context-propagation-jta-2.1.0.jar;C:\Users\DELL\.m2\repository\io\smallrye\reactive\smallrye-reactive-converter-api\3.0.1\smallrye-reactive-converter-api-3.0.1.jar;C:\Users\DELL\.m2\repository\io\smallrye\reactive\smallrye-reactive-converter-mutiny\3.0.1\smallrye-reactive-converter-mutiny-3.0.1.jar;C:\Users\DELL\.m2\repository\io\smallrye\reactive\mutiny-zero-flow-adapters\1.0.0\mutiny-zero-flow-adapters-1.0.0.jar;C:\Users\DELL\.m2\repository\org\jboss\narayana\jta\narayana-jta\7.0.0.Final\narayana-jta-7.0.0.Final.jar;C:\Users\DELL\.m2\repository\jakarta\resource\jakarta.resource-api\2.0.0\jakarta.resource-api-2.0.0.jar;C:\Users\DELL\.m2\repository\org\jboss\invocation\jboss-invocation\2.0.0.Final\jboss-invocation-2.0.0.Final.jar;C:\Users\DELL\.m2\repository\org\eclipse\microprofile\reactive-streams-operators\microprofile-reactive-streams-operators-api\3.0\microprofile-reactive-streams-operators-api-3.0.jar;C:\Users\DELL\.m2\repository\org\jboss\narayana\jts\narayana-jts-integration\7.0.0.Final\narayana-jts-integration-7.0.0.Final.jar;C:\Users\DELL\.m2\repository\org\hibernate\orm\hibernate-core\6.4.8.Final\hibernate-core-6.4.8.Final.jar;C:\Users\DELL\.m2\repository\com\fasterxml\classmate\1.5.1\classmate-1.5.1.jar;C:\Users\DELL\.m2\repository\org\hibernate\common\hibernate-commons-annotations\6.0.6.Final\hibernate-commons-annotations-6.0.6.Final.jar;C:\Users\DELL\.m2\repository\org\hibernate\orm\hibernate-graalvm\6.4.8.Final\hibernate-graalvm-6.4.8.Final.jar;C:\Users\DELL\.m2\repository\org\glassfish\jaxb\jaxb-runtime\4.0.4\jaxb-runtime-4.0.4.jar;C:\Users\DELL\.m2\repository\org\glassfish\jaxb\jaxb-core\4.0.4\jaxb-core-4.0.4.jar;C:\Users\DELL\.m2\repository\org\glassfish\jaxb\txw2\4.0.4\txw2-4.0.4.jar;C:\Users\DELL\.m2\repository\com\sun\istack\istack-commons-runtime\4.1.2\istack-commons-runtime-4.1.2.jar;C:\Users\DELL\.m2\repository\jakarta\persistence\jakarta.persistence-api\3.1.0\jakarta.persistence-api-3.1.0.jar;C:\Users\DELL\.m2\repository\org\hibernate\quarkus-local-cache\0.3.0\quarkus-local-cache-0.3.0.jar;C:\Users\DELL\.m2\repository\io\quarkus\quarkus-caffeine\3.8.5\quarkus-caffeine-3.8.5.jar;C:\Users\DELL\.m2\repository\io\quarkus\quarkus-agroal\3.8.5\quarkus-agroal-3.8.5.jar;C:\Users\DELL\.m2\repository\io\quarkus\quarkus-datasource\3.8.5\quarkus-datasource-3.8.5.jar;C:\Users\DELL\.m2\repository\io\agroal\agroal-api\2.3\agroal-api-2.3.jar;C:\Users\DELL\.m2\repository\io\agroal\agroal-narayana\2.3\agroal-narayana-2.3.jar;C:\Users\DELL\.m2\repository\org\jboss\jboss-transaction-spi\8.0.0.Final\jboss-transaction-spi-8.0.0.Final.jar;C:\Users\DELL\.m2\repository\io\agroal\agroal-pool\2.3\agroal-pool-2.3.jar;C:\Users\DELL\.m2\repository\io\quarkus\quarkus-jdbc-h2\3.8.5\quarkus-jdbc-h2-3.8.5.jar;C:\Users\DELL\.m2\repository\com\h2database\h2\2.2.224\h2-2.2.224.jar;C:\Users\DELL\.m2\repository\org\locationtech\jts\jts-core\1.17.0\jts-core-1.17.0.jar;C:\Users\DELL\.m2\repository\io\quarkus\quarkus-jdbc-postgresql\3.8.5\quarkus-jdbc-postgresql-3.8.5.jar;C:\Users\DELL\.m2\repository\org\postgresql\postgresql\42.7.2\postgresql-42.7.2.jar;C:\Users\DELL\.m2\repository\io\quarkus\quarkus-jdbc-mariadb\3.8.5\quarkus-jdbc-mariadb-3.8.5.jar;C:\Users\DELL\.m2\repository\org\mariadb\jdbc\mariadb-java-client\3.3.3\mariadb-java-client-3.3.3.jar;C:\Users\DELL\.m2\repository\com\github\waffle\waffle-jna\3.3.0\waffle-jna-3.3.0.jar;C:\Users\DELL\.m2\repository\net\java\dev\jna\jna\5.13.0\jna-5.13.0.jar;C:\Users\DELL\.m2\repository\net\java\dev\jna\jna-platform\5.13.0\jna-platform-5.13.0.jar;C:\Users\DELL\.m2\repository\io\quarkus\quarkus-jdbc-mysql\3.8.5\quarkus-jdbc-mysql-3.8.5.jar;C:\Users\DELL\.m2\repository\com\mysql\mysql-connector-j\8.3.0\mysql-connector-j-8.3.0.jar;C:\Users\DELL\.m2\repository\io\quarkus\quarkus-jdbc-mssql\3.8.5\quarkus-jdbc-mssql-3.8.5.jar;C:\Users\DELL\.m2\repository\com\microsoft\sqlserver\mssql-jdbc\12.4.2.jre11\mssql-jdbc-12.4.2.jre11.jar;C:\Users\DELL\.m2\repository\org\antlr\antlr4-runtime\4.13.0\antlr4-runtime-4.13.0.jar;C:\Users\DELL\.m2\repository\io\quarkus\quarkus-jdbc-oracle\3.8.5\quarkus-jdbc-oracle-3.8.5.jar;C:\Users\DELL\.m2\repository\io\quarkus\quarkus-core\3.8.5\quarkus-core-3.8.5.jar;C:\Users\DELL\.m2\repository\jakarta\annotation\jakarta.annotation-api\2.1.1\jakarta.annotation-api-2.1.1.jar;C:\Users\DELL\.m2\repository\jakarta\inject\jakarta.inject-api\2.0.1\jakarta.inject-api-2.0.1.jar;C:\Users\DELL\.m2\repository\io\smallrye\common\smallrye-common-os\2.2.0\smallrye-common-os-2.2.0.jar;C:\Users\DELL\.m2\repository\io\quarkus\quarkus-ide-launcher\3.8.5\quarkus-ide-launcher-3.8.5.jar;C:\Users\DELL\.m2\repository\io\quarkus\quarkus-development-mode-spi\3.8.5\quarkus-development-mode-spi-3.8.5.jar;C:\Users\DELL\.m2\repository\io\smallrye\config\smallrye-config\3.5.4\smallrye-config-3.5.4.jar;C:\Users\DELL\.m2\repository\io\smallrye\config\smallrye-config-core\3.5.4\smallrye-config-core-3.5.4.jar;C:\Users\DELL\.m2\repository\org\eclipse\microprofile\config\microprofile-config-api\3.1\microprofile-config-api-3.1.jar;C:\Users\DELL\.m2\repository\io\smallrye\common\smallrye-common-classloader\2.2.0\smallrye-common-classloader-2.2.0.jar;C:\Users\DELL\.m2\repository\io\smallrye\config\smallrye-config-common\3.5.4\smallrye-config-common-3.5.4.jar;C:\Users\DELL\.m2\repository\org\jboss\logging\jboss-logging\3.5.3.Final\jboss-logging-3.5.3.Final.jar;C:\Users\DELL\.m2\repository\org\jboss\logmanager\jboss-logmanager\3.0.4.Final\jboss-logmanager-3.0.4.Final.jar;C:\Users\DELL\.m2\repository\io\smallrye\common\smallrye-common-cpu\2.2.0\smallrye-common-cpu-2.2.0.jar;C:\Users\DELL\.m2\repository\io\smallrye\common\smallrye-common-expression\2.2.0\smallrye-common-expression-2.2.0.jar;C:\Users\DELL\.m2\repository\io\smallrye\common\smallrye-common-function\2.2.0\smallrye-common-function-2.2.0.jar;C:\Users\DELL\.m2\repository\io\smallrye\common\smallrye-common-net\2.2.0\smallrye-common-net-2.2.0.jar;C:\Users\DELL\.m2\repository\io\smallrye\common\smallrye-common-ref\2.2.0\smallrye-common-ref-2.2.0.jar;C:\Users\DELL\.m2\repository\jakarta\json\jakarta.json-api\2.1.3\jakarta.json-api-2.1.3.jar;C:\Users\DELL\.m2\repository\org\jboss\logging\jboss-logging-annotations\2.2.1.Final\jboss-logging-annotations-2.2.1.Final.jar;C:\Users\DELL\.m2\repository\org\jboss\threads\jboss-threads\3.5.1.Final\jboss-threads-3.5.1.Final.jar;C:\Users\DELL\.m2\repository\org\slf4j\slf4j-api\2.0.6\slf4j-api-2.0.6.jar;C:\Users\DELL\.m2\repository\org\jboss\slf4j\slf4j-jboss-logmanager\2.0.0.Final\slf4j-jboss-logmanager-2.0.0.Final.jar;C:\Users\DELL\.m2\repository\org\wildfly\common\wildfly-common\1.7.0.Final\wildfly-common-1.7.0.Final.jar;C:\Users\DELL\.m2\repository\io\quarkus\quarkus-bootstrap-runner\3.8.5\quarkus-bootstrap-runner-3.8.5.jar;C:\Users\DELL\.m2\repository\io\smallrye\common\smallrye-common-io\2.2.0\smallrye-common-io-2.2.0.jar;C:\Users\DELL\.m2\repository\io\quarkus\quarkus-fs-util\0.0.10\quarkus-fs-util-0.0.10.jar;C:\Users\DELL\.m2\repository\io\quarkus\quarkus-smallrye-health\3.8.5\quarkus-smallrye-health-3.8.5.jar;C:\Users\DELL\.m2\repository\io\smallrye\smallrye-health\4.1.0\smallrye-health-4.1.0.jar;C:\Users\DELL\.m2\repository\org\eclipse\microprofile\health\microprofile-health-api\4.0.1\microprofile-health-api-4.0.1.jar;C:\Users\DELL\.m2\repository\io\smallrye\smallrye-health-api\4.1.0\smallrye-health-api-4.1.0.jar;C:\Users\DELL\.m2\repository\io\smallrye\smallrye-health-provided-checks\4.1.0\smallrye-health-provided-checks-4.1.0.jar;C:\Users\DELL\.m2\repository\io\quarkus\quarkus-micrometer\3.8.5\quarkus-micrometer-3.8.5.jar;C:\Users\DELL\.m2\repository\io\micrometer\micrometer-core\1.12.2\micrometer-core-1.12.2.jar;C:\Users\DELL\.m2\repository\io\micrometer\micrometer-commons\1.12.2\micrometer-commons-1.12.2.jar;C:\Users\DELL\.m2\repository\io\micrometer\micrometer-observation\1.12.2\micrometer-observation-1.12.2.jar;C:\Users\DELL\.m2\repository\org\hdrhistogram\HdrHistogram\2.1.12\HdrHistogram-2.1.12.jar;C:\Users\DELL\.m2\repository\org\latencyutils\LatencyUtils\2.0.3\LatencyUtils-2.0.3.jar;C:\Users\DELL\.m2\repository\io\quarkus\quarkus-micrometer-registry-prometheus\3.8.5\quarkus-micrometer-registry-prometheus-3.8.5.jar;C:\Users\DELL\.m2\repository\io\micrometer\micrometer-registry-prometheus\1.12.2\micrometer-registry-prometheus-1.12.2.jar;C:\Users\DELL\.m2\repository\io\prometheus\simpleclient_common\0.16.0\simpleclient_common-0.16.0.jar;C:\Users\DELL\.m2\repository\io\prometheus\simpleclient\0.16.0\simpleclient-0.16.0.jar;C:\Users\DELL\.m2\repository\io\prometheus\simpleclient_tracer_otel\0.16.0\simpleclient_tracer_otel-0.16.0.jar;C:\Users\DELL\.m2\repository\io\prometheus\simpleclient_tracer_common\0.16.0\simpleclient_tracer_common-0.16.0.jar;C:\Users\DELL\.m2\repository\io\prometheus\simpleclient_tracer_otel_agent\0.16.0\simpleclient_tracer_otel_agent-0.16.0.jar;C:\Users\DELL\.m2\repository\io\quarkus\quarkus-logging-json\3.8.5\quarkus-logging-json-3.8.5.jar;C:\Users\DELL\.m2\repository\com\apicatalog\titanium-json-ld\1.3.3\titanium-json-ld-1.3.3.jar;C:\Users\DELL\.m2\repository\io\setl\rdf-urdna\1.1\rdf-urdna-1.1.jar;C:\Users\DELL\.m2\repository\io\smallrye\config\smallrye-config-source-keystore\3.5.4\smallrye-config-source-keystore-3.5.4.jar;C:\Users\DELL\.m2\repository\info\picocli\picocli\4.7.5\picocli-4.7.5.jar;C:\Users\DELL\.m2\repository\org\keycloak\keycloak-services\25.0.1\keycloak-services-25.0.1.jar;C:\Users\DELL\.m2\repository\org\keycloak\keycloak-js-adapter-jar\25.0.1\keycloak-js-adapter-jar-25.0.1.jar;C:\Users\DELL\.m2\repository\org\keycloak\keycloak-common\25.0.1\keycloak-common-25.0.1.jar;C:\Users\DELL\.m2\repository\org\keycloak\keycloak-core\25.0.1\keycloak-core-25.0.1.jar;C:\Users\DELL\.m2\repository\org\keycloak\keycloak-crypto-default\25.0.1\keycloak-crypto-default-25.0.1.jar;C:\Users\DELL\.m2\repository\org\bouncycastle\bcprov-jdk18on\1.78.1\bcprov-jdk18on-1.78.1.jar;C:\Users\DELL\.m2\repository\org\bouncycastle\bcpkix-jdk18on\1.78.1\bcpkix-jdk18on-1.78.1.jar;C:\Users\DELL\.m2\repository\org\bouncycastle\bcutil-jdk18on\1.78.1\bcutil-jdk18on-1.78.1.jar;C:\Users\DELL\.m2\repository\org\keycloak\keycloak-crypto-fips1402\25.0.1\keycloak-crypto-fips1402-25.0.1.jar;C:\Users\DELL\.m2\repository\org\keycloak\keycloak-server-spi\25.0.1\keycloak-server-spi-25.0.1.jar;C:\Users\DELL\.m2\repository\org\keycloak\keycloak-server-spi-private\25.0.1\keycloak-server-spi-private-25.0.1.jar;C:\Users\DELL\.m2\repository\org\keycloak\keycloak-themes\25.0.1\keycloak-themes-25.0.1.jar;C:\Users\DELL\.m2\repository\org\keycloak\keycloak-saml-core-public\25.0.1\keycloak-saml-core-public-25.0.1.jar;C:\Users\DELL\.m2\repository\org\keycloak\keycloak-saml-core\25.0.1\keycloak-saml-core-25.0.1.jar;C:\Users\DELL\.m2\repository\org\keycloak\keycloak-model-jpa\25.0.1\keycloak-model-jpa-25.0.1.jar;C:\Users\DELL\.m2\repository\org\keycloak\keycloak-model-infinispan\25.0.1\keycloak-model-infinispan-25.0.1.jar;C:\Users\DELL\.m2\repository\org\keycloak\keycloak-model-storage\25.0.1\keycloak-model-storage-25.0.1.jar;C:\Users\DELL\.m2\repository\org\keycloak\keycloak-model-storage-private\25.0.1\keycloak-model-storage-private-25.0.1.jar;C:\Users\DELL\.m2\repository\org\keycloak\keycloak-model-storage-services\25.0.1\keycloak-model-storage-services-25.0.1.jar;C:\Users\DELL\.m2\repository\org\keycloak\keycloak-authz-policy-common\25.0.1\keycloak-authz-policy-common-25.0.1.jar;C:\Users\DELL\.m2\repository\org\keycloak\keycloak-kerberos-federation\25.0.1\keycloak-kerberos-federation-25.0.1.jar;C:\Users\DELL\.m2\repository\org\keycloak\keycloak-sssd-federation\25.0.1\keycloak-sssd-federation-25.0.1.jar;C:\Users\DELL\.m2\repository\org\keycloak\keycloak-ldap-federation\25.0.1\keycloak-ldap-federation-25.0.1.jar;C:\Users\DELL\.m2\repository\org\keycloak\keycloak-config-api\25.0.1\keycloak-config-api-25.0.1.jar;C:\Users\DELL\.m2\repository\org\keycloak\keycloak-account-ui\25.0.1\keycloak-account-ui-25.0.1.jar;C:\Users\DELL\.m2\repository\org\keycloak\keycloak-admin-ui\25.0.1\keycloak-admin-ui-25.0.1.jar;C:\Users\DELL\.m2\repository\org\keycloak\keycloak-rest-admin-ui-ext\25.0.1\keycloak-rest-admin-ui-ext-25.0.1.jar;C:\Users\DELL\.m2\repository\org\jboss\logging\commons-logging-jboss-logging\1.0.0.Final\commons-logging-jboss-logging-1.0.0.Final.jar;C:\Users\DELL\.m2\repository\commons-io\commons-io\2.15.1\commons-io-2.15.1.jar;C:\Users\DELL\.m2\repository\com\webauthn4j\webauthn4j-core\0.21.5.RELEASE\webauthn4j-core-0.21.5.RELEASE.jar;C:\Users\DELL\.m2\repository\com\webauthn4j\webauthn4j-util\0.21.5.RELEASE\webauthn4j-util-0.21.5.RELEASE.jar;C:\Users\DELL\.m2\repository\com\fasterxml\jackson\dataformat\jackson-dataformat-cbor\2.17.0\jackson-dataformat-cbor-2.17.0.jar;C:\Users\DELL\.m2\repository\org\apache\kerby\kerby-asn1\2.0.3\kerby-asn1-2.0.3.jar;C:\Users\DELL\.m2\repository\org\freemarker\freemarker\2.3.32\freemarker-2.3.32.jar;C:\Users\DELL\.m2\repository\com\google\guava\guava\33.0.0-jre\guava-33.0.0-jre.jar;C:\Users\DELL\.m2\repository\com\googlecode\owasp-java-html-sanitizer\owasp-java-html-sanitizer\20240325.1\owasp-java-html-sanitizer-20240325.1.jar;C:\Users\DELL\.m2\repository\com\googlecode\owasp-java-html-sanitizer\java8-shim\20240325.1\java8-shim-20240325.1.jar;C:\Users\DELL\.m2\repository\com\googlecode\owasp-java-html-sanitizer\java10-shim\20240325.1\java10-shim-20240325.1.jar;C:\Users\DELL\.m2\repository\org\apache\httpcomponents\httpcore\4.4.16\httpcore-4.4.16.jar;C:\Users\DELL\.m2\repository\org\apache\httpcomponents\httpclient\4.5.14\httpclient-4.5.14.jar;C:\Users\DELL\.m2\repository\org\infinispan\infinispan-cachestore-remote\15.0.5.Final\infinispan-cachestore-remote-15.0.5.Final.jar;C:\Users\DELL\.m2\repository\org\infinispan\infinispan-client-hotrod\15.0.5.Final\infinispan-client-hotrod-15.0.5.Final.jar;C:\Users\DELL\.m2\repository\org\wildfly\security\wildfly-elytron-sasl-digest\2.4.2.Final\wildfly-elytron-sasl-digest-2.4.2.Final.jar;C:\Users\DELL\.m2\repository\org\wildfly\security\wildfly-elytron-auth-server\2.4.2.Final\wildfly-elytron-auth-server-2.4.2.Final.jar;C:\Users\DELL\.m2\repository\org\wildfly\security\wildfly-elytron-auth\2.4.2.Final\wildfly-elytron-auth-2.4.2.Final.jar;C:\Users\DELL\.m2\repository\org\wildfly\security\wildfly-elytron-base\2.4.2.Final\wildfly-elytron-base-2.4.2.Final.jar;C:\Users\DELL\.m2\repository\org\wildfly\security\wildfly-elytron-permission\2.4.2.Final\wildfly-elytron-permission-2.4.2.Final.jar;C:\Users\DELL\.m2\repository\org\wildfly\security\wildfly-elytron-x500\2.4.2.Final\wildfly-elytron-x500-2.4.2.Final.jar;C:\Users\DELL\.m2\repository\org\wildfly\security\wildfly-elytron-credential\2.4.2.Final\wildfly-elytron-credential-2.4.2.Final.jar;C:\Users\DELL\.m2\repository\org\wildfly\security\wildfly-elytron-keystore\2.4.2.Final\wildfly-elytron-keystore-2.4.2.Final.jar;C:\Users\DELL\.m2\repository\org\wildfly\security\wildfly-elytron-x500-cert\2.4.2.Final\wildfly-elytron-x500-cert-2.4.2.Final.jar;C:\Users\DELL\.m2\repository\org\wildfly\security\wildfly-elytron-x500-cert-util\2.4.2.Final\wildfly-elytron-x500-cert-util-2.4.2.Final.jar;C:\Users\DELL\.m2\repository\org\wildfly\security\wildfly-elytron-provider-util\2.4.2.Final\wildfly-elytron-provider-util-2.4.2.Final.jar;C:\Users\DELL\.m2\repository\org\wildfly\security\wildfly-elytron-mechanism\2.4.2.Final\wildfly-elytron-mechanism-2.4.2.Final.jar;C:\Users\DELL\.m2\repository\org\wildfly\security\wildfly-elytron-http\2.4.2.Final\wildfly-elytron-http-2.4.2.Final.jar;C:\Users\DELL\.m2\repository\org\wildfly\security\wildfly-elytron-mechanism-digest\2.4.2.Final\wildfly-elytron-mechanism-digest-2.4.2.Final.jar;C:\Users\DELL\.m2\repository\org\wildfly\security\wildfly-elytron-sasl\2.4.2.Final\wildfly-elytron-sasl-2.4.2.Final.jar;C:\Users\DELL\.m2\repository\org\wildfly\security\wildfly-elytron-ssl\2.4.2.Final\wildfly-elytron-ssl-2.4.2.Final.jar;C:\Users\DELL\.m2\repository\org\wildfly\security\wildfly-elytron-util\2.4.2.Final\wildfly-elytron-util-2.4.2.Final.jar;C:\Users\DELL\.m2\repository\org\wildfly\security\wildfly-elytron-sasl-external\2.4.2.Final\wildfly-elytron-sasl-external-2.4.2.Final.jar;C:\Users\DELL\.m2\repository\org\wildfly\security\wildfly-elytron-sasl-gs2\2.4.2.Final\wildfly-elytron-sasl-gs2-2.4.2.Final.jar;C:\Users\DELL\.m2\repository\org\wildfly\security\wildfly-elytron-asn1\2.4.2.Final\wildfly-elytron-asn1-2.4.2.Final.jar;C:\Users\DELL\.m2\repository\org\wildfly\security\wildfly-elytron-mechanism-gssapi\2.4.2.Final\wildfly-elytron-mechanism-gssapi-2.4.2.Final.jar;C:\Users\DELL\.m2\repository\org\wildfly\security\wildfly-elytron-security-manager-action\2.4.2.Final\wildfly-elytron-security-manager-action-2.4.2.Final.jar;C:\Users\DELL\.m2\repository\org\wildfly\security\wildfly-elytron-sasl-gssapi\2.4.2.Final\wildfly-elytron-sasl-gssapi-2.4.2.Final.jar;C:\Users\DELL\.m2\repository\org\wildfly\security\wildfly-elytron-sasl-oauth2\2.4.2.Final\wildfly-elytron-sasl-oauth2-2.4.2.Final.jar;C:\Users\DELL\.m2\repository\org\wildfly\security\wildfly-elytron-mechanism-oauth2\2.4.2.Final\wildfly-elytron-mechanism-oauth2-2.4.2.Final.jar;C:\Users\DELL\.m2\repository\org\wildfly\security\wildfly-elytron-sasl-plain\2.4.2.Final\wildfly-elytron-sasl-plain-2.4.2.Final.jar;C:\Users\DELL\.m2\repository\org\wildfly\security\wildfly-elytron-sasl-scram\2.4.2.Final\wildfly-elytron-sasl-scram-2.4.2.Final.jar;C:\Users\DELL\.m2\repository\org\wildfly\security\wildfly-elytron-mechanism-scram\2.4.2.Final\wildfly-elytron-mechanism-scram-2.4.2.Final.jar;C:\Users\DELL\.m2\repository\org\wildfly\security\wildfly-elytron-password-impl\2.4.2.Final\wildfly-elytron-password-impl-2.4.2.Final.jar;C:\Users\DELL\.m2\repository\io\netty\netty-resolver-dns\4.1.109.Final\netty-resolver-dns-4.1.109.Final.jar;C:\Users\DELL\.m2\repository\io\netty\netty-codec-dns\4.1.109.Final\netty-codec-dns-4.1.109.Final.jar;C:\Users\DELL\.m2\repository\io\netty\netty-transport-native-epoll\4.1.109.Final\netty-transport-native-epoll-4.1.109.Final-linux-x86_64.jar;C:\Users\DELL\.m2\repository\io\netty\netty-transport-classes-epoll\4.1.109.Final\netty-transport-classes-epoll-4.1.109.Final.jar;C:\Users\DELL\.m2\repository\io\netty\netty-transport-native-epoll\4.1.109.Final\netty-transport-native-epoll-4.1.109.Final-linux-aarch_64.jar;C:\Users\DELL\.m2\repository\org\infinispan\infinispan-multimap\15.0.5.Final\infinispan-multimap-15.0.5.Final.jar;C:\Users\DELL\.m2\repository\com\github\ua-parser\uap-java\1.5.4\uap-java-1.5.4.jar;C:\Users\DELL\.m2\repository\org\yaml\snakeyaml\2.0\snakeyaml-2.0.jar;C:\Users\DELL\.m2\repository\org\snakeyaml\snakeyaml-engine\2.6\snakeyaml-engine-2.6.jar;C:\Users\DELL\.m2\repository\com\google\zxing\core\3.4.0\core-3.4.0.jar;C:\Users\DELL\.m2\repository\com\google\zxing\javase\3.4.0\javase-3.4.0.jar;C:\Users\DELL\.m2\repository\jakarta\mail\jakarta.mail-api\2.1.1\jakarta.mail-api-2.1.1.jar;C:\Users\DELL\.m2\repository\jakarta\activation\jakarta.activation-api\2.1.1\jakarta.activation-api-2.1.1.jar;C:\Users\DELL\.m2\repository\org\eclipse\angus\angus-mail\2.0.1\angus-mail-2.0.1.jar;C:\Users\DELL\.m2\repository\org\eclipse\angus\angus-activation\2.0.0\angus-activation-2.0.0.jar;C:\Users\DELL\.m2\repository\jakarta\xml\soap\jakarta.xml.soap-api\3.0.0\jakarta.xml.soap-api-3.0.0.jar;C:\Users\DELL\.m2\repository\com\sun\xml\messaging\saaj\saaj-impl\2.0.1\saaj-impl-2.0.1.jar;C:\Users\DELL\.m2\repository\org\jvnet\staxex\stax-ex\2.0.1\stax-ex-2.0.1.jar;C:\Users\DELL\.m2\repository\com\sun\activation\jakarta.activation\2.0.1\jakarta.activation-2.0.1.jar;C:\Users\DELL\.m2\repository\org\apache\santuario\xmlsec\2.2.6\xmlsec-2.2.6.jar;C:\Users\DELL\.m2\repository\commons-codec\commons-codec\1.15\commons-codec-1.15.jar;C:\Users\DELL\.m2\repository\org\apache\commons\commons-lang3\3.14.0\commons-lang3-3.14.0.jar;C:\Users\DELL\.m2\repository\org\liquibase\liquibase-core\4.25.1\liquibase-core-4.25.1.jar;C:\Users\DELL\.m2\repository\com\opencsv\opencsv\5.8\opencsv-5.8.jar;C:\Users\DELL\.m2\repository\org\apache\commons\commons-collections4\4.4\commons-collections4-4.4.jar;C:\Users\DELL\.m2\repository\javax\xml\bind\jaxb-api\2.3.1\jaxb-api-2.3.1.jar;C:\Users\DELL\.m2\repository\org\infinispan\infinispan-commons\15.0.5.Final\infinispan-commons-15.0.5.Final.jar;C:\Users\DELL\.m2\repository\org\infinispan\protostream\protostream\5.0.4.Final\protostream-5.0.4.Final.jar;C:\Users\DELL\.m2\repository\org\infinispan\protostream\protostream-types\5.0.4.Final\protostream-types-5.0.4.Final.jar;C:\Users\DELL\.m2\repository\org\infinispan\protostream\protostream-processor\5.0.4.Final\protostream-processor-5.0.4.Final.jar;C:\Users\DELL\.m2\repository\com\github\ben-manes\caffeine\caffeine\3.1.8\caffeine-3.1.8.jar;C:\Users\DELL\.m2\repository\io\reactivex\rxjava3\rxjava\3.1.8\rxjava-3.1.8.jar;C:\Users\DELL\.m2\repository\org\reactivestreams\reactive-streams\1.0.4\reactive-streams-1.0.4.jar;C:\Users\DELL\.m2\repository\org\infinispan\infinispan-core\15.0.5.Final\infinispan-core-15.0.5.Final.jar;C:\Users\DELL\.m2\repository\org\jgroups\jgroups\5.3.6.Final\jgroups-5.3.6.Final.jar;C:\Users\DELL\.m2\repository\org\infinispan\infinispan-jboss-marshalling\15.0.5.Final\infinispan-jboss-marshalling-15.0.5.Final.jar;C:\Users\DELL\.m2\repository\org\jboss\marshalling\jboss-marshalling-river\2.1.4.Final\jboss-marshalling-river-2.1.4.Final.jar;C:\Users\DELL\.m2\repository\org\jboss\marshalling\jboss-marshalling\2.1.4.Final\jboss-marshalling-2.1.4.Final.jar;C:\Users\DELL\.m2\repository\jakarta\xml\bind\jakarta.xml.bind-api\4.0.1\jakarta.xml.bind-api-4.0.1.jar;C:\Users\DELL\.m2\repository\jakarta\transaction\jakarta.transaction-api\2.0.1\jakarta.transaction-api-2.0.1.jar;C:\Users\DELL\.m2\repository\org\openjdk\nashorn\nashorn-core\15.4\nashorn-core-15.4.jar;C:\Users\DELL\.m2\repository\org\ow2\asm\asm\7.3.1\asm-7.3.1.jar;C:\Users\DELL\.m2\repository\org\ow2\asm\asm-commons\7.3.1\asm-commons-7.3.1.jar;C:\Users\DELL\.m2\repository\org\ow2\asm\asm-analysis\7.3.1\asm-analysis-7.3.1.jar;C:\Users\DELL\.m2\repository\org\ow2\asm\asm-tree\7.3.1\asm-tree-7.3.1.jar;C:\Users\DELL\.m2\repository\org\ow2\asm\asm-util\7.3.1\asm-util-7.3.1.jar;C:\Users\DELL\.m2\repository\org\twitter4j\twitter4j-core\4.1.2\twitter4j-core-4.1.2.jar;C:\Users\DELL\.m2\repository\io\quarkus\quarkus-logging-gelf\3.8.5\quarkus-logging-gelf-3.8.5.jar;C:\Users\DELL\.m2\repository\biz\paluch\logging\logstash-gelf\1.15.1\logstash-gelf-1.15.1.jar;C:\Users\DELL\.m2\repository\com\fasterxml\jackson\core\jackson-databind\2.17.0\jackson-databind-2.17.0.jar;C:\Users\DELL\.m2\repository\com\fasterxml\jackson\core\jackson-annotations\2.17.0\jackson-annotations-2.17.0.jar;C:\Users\DELL\.m2\repository\net\bytebuddy\byte-buddy\1.14.9\byte-buddy-1.14.9.jar;C:\Users\DELL\.m2\repository\com\fasterxml\jackson\core\jackson-core\2.17.0\jackson-core-2.17.0.jar;C:\Users\DELL\.m2\repository\io\quarkus\quarkus-vertx-http-dev-ui-resources\3.13.0\quarkus-vertx-http-dev-ui-resources-3.13.0.jar;C:\Users\DELL\.m2\repository\org\mvnpm\at\vaadin\router\1.7.5\router-1.7.5.jar;C:\Users\DELL\.m2\repository\org\mvnpm\path-to-regexp\2.4.0\path-to-regexp-2.4.0.jar;C:\Users\DELL\.m2\repository\org\mvnpm\at\mvnpm\vaadin-webcomponents\24.4.2\vaadin-webcomponents-24.4.2.jar;C:\Users\DELL\.m2\repository\org\mvnpm\at\vaadin\vaadin-usage-statistics\2.1.2\vaadin-usage-statistics-2.1.2.jar;C:\Users\DELL\.m2\repository\org\mvnpm\at\vaadin\vaadin-development-mode-detector\2.0.7\vaadin-development-mode-detector-2.0.7.jar;C:\Users\DELL\.m2\repository\org\mvnpm\at\polymer\polymer\3.5.1\polymer-3.5.1.jar;C:\Users\DELL\.m2\repository\org\mvnpm\at\webcomponents\shadycss\1.11.2\shadycss-1.11.2.jar;C:\Users\DELL\.m2\repository\org\mvnpm\at\open-wc\dedupe-mixin\1.4.0\dedupe-mixin-1.4.0.jar;C:\Users\DELL\.m2\repository\org\mvnpm\lit\3.1.4\lit-3.1.4.jar;C:\Users\DELL\.m2\repository\org\mvnpm\at\lit\reactive-element\2.0.4\reactive-element-2.0.4.jar;C:\Users\DELL\.m2\repository\org\mvnpm\lit-element\4.0.6\lit-element-4.0.6.jar;C:\Users\DELL\.m2\repository\org\mvnpm\lit-html\3.1.4\lit-html-3.1.4.jar;C:\Users\DELL\.m2\repository\org\mvnpm\at\lit-labs\ssr-dom-shim\1.2.0\ssr-dom-shim-1.2.0.jar;C:\Users\DELL\.m2\repository\org\mvnpm\at\types\trusted-types\2.0.7\trusted-types-2.0.7.jar;C:\Users\DELL\.m2\repository\org\mvnpm\lit-element-state\1.7.0\lit-element-state-1.7.0.jar;C:\Users\DELL\.m2\repository\org\mvnpm\echarts\5.5.1\echarts-5.5.1.jar;C:\Users\DELL\.m2\repository\org\mvnpm\tslib\2.3.0\tslib-2.3.0.jar;C:\Users\DELL\.m2\repository\org\mvnpm\zrender\5.6.0\zrender-5.6.0.jar;C:\Users\DELL\.m2\repository\org\mvnpm\at\mvnpm\codeblock\1.0.16\codeblock-1.0.16.jar;C:\Users\DELL\.m2\repository\org\mvnpm\at\mvnpm\qomponent\1.0.0\qomponent-1.0.0.jar;C:\Users\DELL\.m2\repository\org\mvnpm\markdown-it\14.1.0\markdown-it-14.1.0.jar;C:\Users\DELL\.m2\repository\org\mvnpm\argparse\2.0.1\argparse-2.0.1.jar;C:\Users\DELL\.m2\repository\org\mvnpm\entities\4.5.0\entities-4.5.0.jar;C:\Users\DELL\.m2\repository\org\mvnpm\linkify-it\5.0.0\linkify-it-5.0.0.jar;C:\Users\DELL\.m2\repository\org\mvnpm\mdurl\2.0.0\mdurl-2.0.0.jar;C:\Users\DELL\.m2\repository\org\mvnpm\punycode.js\2.3.1\punycode.js-2.3.1.jar;C:\Users\DELL\.m2\repository\org\mvnpm\uc.micro\2.1.0\uc.micro-2.1.0.jar;C:\Users\DELL\.m2\repository\org\mvnpm\es-module-shims\1.10.0\es-module-shims-1.10.0.jar;C:\Users\DELL\.m2\repository\junit\junit\3.8.1\junit-3.8.1.jar;"/>
    <property name="sun.cpu.endian" value="little"/>
    <property name="user.home" value="C:\Users\DELL"/>
    <property name="user.language" value="en"/>
    <property name="java.specification.vendor" value="Oracle Corporation"/>
    <property name="java.version.date" value="2024-04-16"/>
    <property name="java.home" value="C:\Program Files\Java\jdk-22"/>
    <property name="file.separator" value="\"/>
    <property name="basedir" value="C:\Users\DELL\Downloads\keycloak projects\header-claim-mapper"/>
    <property name="java.vm.compressedOopsMode" value="32-bit"/>
    <property name="line.separator" value="&#10;"/>
    <property name="java.vm.specification.vendor" value="Oracle Corporation"/>
    <property name="java.specification.name" value="Java Platform API Specification"/>
    <property name="surefire.real.class.path" value="C:\Users\DELL\AppData\Local\Temp\surefire5322636242703661830\surefirebooter-20240807162143241_3.jar"/>
    <property name="user.script" value=""/>
    <property name="sun.management.compiler" value="HotSpot 64-Bit Tiered Compilers"/>
    <property name="java.runtime.version" value="22.0.1+8-16"/>
    <property name="user.name" value="DELL"/>
    <property name="stdout.encoding" value="Cp1252"/>
    <property name="path.separator" value=";"/>
    <property name="os.version" value="10.0"/>
    <property name="java.runtime.name" value="Java(TM) SE Runtime Environment"/>
    <property name="file.encoding" value="UTF-8"/>
    <property name="java.vm.name" value="Java HotSpot(TM) 64-Bit Server VM"/>
    <property name="localRepository" value="C:\Users\DELL\.m2\repository"/>
    <property name="java.vendor.url.bug" value="https://bugreport.java.com/bugreport/"/>
    <property name="java.io.tmpdir" value="C:\Users\DELL\AppData\Local\Temp\"/>
    <property name="idea.version" value="2024.1.4"/>
    <property name="java.version" value="22.0.1"/>
    <property name="user.dir" value="C:\Users\DELL\Downloads\keycloak projects\header-claim-mapper"/>
    <property name="os.arch" value="amd64"/>
    <property name="java.vm.specification.name" value="Java Virtual Machine Specification"/>
    <property name="sun.os.patch.level" value=""/>
    <property name="native.encoding" value="Cp1252"/>
    <property name="java.library.path" value="C:\Program Files\Java\jdk-22\bin;C:\WINDOWS\Sun\Java\bin;C:\WINDOWS\system32;C:\WINDOWS;C:\Python312\Scripts\;C:\Python312\;C:\Program Files\Docker\Docker\Resources\bin;C:\Program Files\Eclipse Adoptium\jdk-21.0.3.9-hotspot\bin;C:\Program Files\Common Files\Oracle\Java\javapath;C:\Program Files (x86)\Common Files\Oracle\Java\java8path;C:\Program Files (x86)\Common Files\Oracle\Java\javapath;C:\WINDOWS\system32;C:\WINDOWS;C:\WINDOWS\System32\Wbem;C:\WINDOWS\System32\WindowsPowerShell\v1.0\;C:\WINDOWS\System32\OpenSSH\;C:\ProgramData\chocolatey\bin;C:\Program Files\Git\cmd;C:\Program Files\Java\jdk-22\bin;C:\Users\DELL\Downloads\apache-maven-3.9.8-bin\apache-maven-3.9.8\bin;C:\Program Files\Docker\Docker\resources\bin;C:\Program Files\nodejs\;C:\Program Files\Java\jdk-22\bin;C:\Program Files\OpenSSL-Win64\bin;C:\Program Files\PostgreSQL\16\bin;C:\Users\DELL\AppData\Local\Microsoft\WindowsApps;C:\Users\DELL\AppData\Local\Programs\Microsoft VS Code\bin;C:\Users\DELL\AppData\Roaming\npm;."/>
    <property name="java.vm.info" value="mixed mode, sharing"/>
    <property name="stderr.encoding" value="Cp1252"/>
    <property name="java.vendor" value="Oracle Corporation"/>
    <property name="java.vm.version" value="22.0.1+8-16"/>
    <property name="sun.io.unicode.encoding" value="UnicodeLittle"/>
    <property name="java.class.version" value="66.0"/>
  </properties>
  <testcase name="testApp" classname="com.shiva.keycloakspi.customclaimmapper.AppTest" time="0.005"/>
</testsuite>